#
# A fatal error has been detected by the Java Runtime Environment:
#
#  EXCEPTION_ACCESS_VIOLATION (0xc0000005) at pc=0x00007ffe8fcf9558, pid=9636, tid=16160
#
# JRE version: OpenJDK Runtime Environment Temurin-17.0.13+11 (17.0.13+11) (build 17.0.13+11)
# Java VM: OpenJDK 64-Bit Server VM Temurin-17.0.13+11 (17.0.13+11, mixed mode, tiered, compressed oops, compressed class ptrs, parallel gc, windows-amd64)
# Problematic frame:
# V  [jvm.dll+0x6b9558]
#
# No core dump will be written. Minidumps are not enabled by default on client versions of Windows
#
# If you would like to submit a bug report, please visit:
#   https://github.com/adoptium/adoptium-support/issues
#

---------------  S U M M A R Y ------------

Command Line: --add-modules=ALL-SYSTEM --add-opens=java.base/java.util=ALL-UNNAMED --add-opens=java.base/java.lang=ALL-UNNAMED --add-opens=java.base/sun.nio.fs=ALL-UNNAMED -Declipse.application=org.eclipse.jdt.ls.core.id1 -Dosgi.bundles.defaultStartLevel=4 -Declipse.product=org.eclipse.jdt.ls.core.product -Djava.import.generatesMetadataFilesAtProjectRoot=false -DDetectVMInstallationsJob.disabled=true -Dfile.encoding=utf8 -XX:+UseParallelGC -XX:GCTimeRatio=4 -XX:AdaptiveSizePolicyWeight=90 -Dsun.zip.disableMemoryMapping=true -Xmx1G -Xms100m -Xlog:disable -javaagent:c:\Users\bllad\.vscode\extensions\redhat.java-1.37.0-win32-x64\lombok\lombok-1.18.34.jar -XX:+HeapDumpOnOutOfMemoryError -XX:HeapDumpPath=c:\Users\bllad\AppData\Roaming\Code\User\workspaceStorage\96c6117d1d8448c66d3231c080e715a5\redhat.java -Daether.dependencyCollector.impl=bf c:\Users\bllad\.vscode\extensions\redhat.java-1.37.0-win32-x64\server\plugins\org.eclipse.equinox.launcher_1.6.900.v20240613-2009.jar -configuration c:\Users\bllad\AppData\Roaming\Code\User\globalStorage\redhat.java\1.37.0\config_win -data c:\Users\bllad\AppData\Roaming\Code\User\workspaceStorage\96c6117d1d8448c66d3231c080e715a5\redhat.java\jdt_ws --pipe=\\.\pipe\lsp-87f6d00b906533ed4ac901e56ed9029b-sock

Host: AMD Ryzen 7 4800H with Radeon Graphics         , 16 cores, 15G,  Windows 11 , 64 bit Build 26100 (10.0.26100.2454)
Time: Tue Dec 10 15:29:34 2024 Hora estándar romance elapsed time: 3757.667828 seconds (0d 1h 2m 37s)

---------------  T H R E A D  ---------------

Current thread (0x000001e2fbf64810):  GCTaskThread "GC Thread#10" [stack: 0x000000a5c8600000,0x000000a5c8700000] [id=16160]

Stack: [0x000000a5c8600000,0x000000a5c8700000],  sp=0x000000a5c86ff538,  free space=1021k
Native frames: (J=compiled Java code, j=interpreted, Vv=VM code, C=native code)
V  [jvm.dll+0x6b9558]
V  [jvm.dll+0x6b6f7d]
V  [jvm.dll+0x6b6485]
V  [jvm.dll+0x6b6763]
V  [jvm.dll+0x6baca8]
V  [jvm.dll+0x7ed2b2]
V  [jvm.dll+0x6bea1d]
V  [jvm.dll+0x86725b]
V  [jvm.dll+0x8672a6]
V  [jvm.dll+0x7e8ffc]
V  [jvm.dll+0x6818f7]
C  [ucrtbase.dll+0x14ea0]
C  [KERNEL32.DLL+0x2e8d7]
C  [ntdll.dll+0xdfbcc]


siginfo: EXCEPTION_ACCESS_VIOLATION (0xc0000005), writing address 0x000001e2ee9d1010


Registers:
RAX=0x0000000000021020, RBX=0x000001e2ee9b0000, RCX=0x000001e2ee9b0000, RDX=0x000000007ffdf36b
RSP=0x000000a5c86ff538, RBP=0x00000000c4ef8e1c, RSI=0x000001e2f3e71f30, RDI=0x00007ffe0000ef90
R8 =0x0000000000001888, R9 =0x00007ffe901e6980, R10=0x00000000c4ef93f0, R11=0x000000007ffe009e
R12=0x00007ffe90175840, R13=0x0000000000000000, R14=0x00007ffe8fff6448, R15=0x00007ffe8ff60b90
RIP=0x00007ffe8fcf9558, EFLAGS=0x0000000000010202


Register to memory mapping:

RIP=0x00007ffe8fcf9558 jvm.dll
RAX=0x0000000000021020 is an unknown value
RBX=0x000001e2ee9b0000 points into unknown readable memory: 0x0000000000000000 | 00 00 00 00 00 00 00 00
RCX=0x000001e2ee9b0000 points into unknown readable memory: 0x0000000000000000 | 00 00 00 00 00 00 00 00
RDX=0x000000007ffdf36b is an unknown value
RSP=0x000000a5c86ff538 points into unknown readable memory: 0x00007ffe8fcf6f7d | 7d 6f cf 8f fe 7f 00 00
RBP=0x00000000c4ef8e1c is pointing into object: [Ljava.lang.String; 
{0x00000000c4ef8da0} - klass: 'java/lang/String'[]
 - length: 27
RSI=0x000001e2f3e71f30 points into unknown readable memory: 0x000001e2ecdf0150 | 50 01 df ec e2 01 00 00
RDI=0x00007ffe0000ef90 is an unknown value
R8 =0x0000000000001888 is an unknown value
R9 =0x00007ffe901e6980 jvm.dll
R10=0x00000000c4ef93f0 is an oop: java.lang.String 
{0x00000000c4ef93f0} - klass: 'java/lang/String'
 - string: "isDAafter(Variable)"
R11=0x000000007ffe009e points into unknown readable memory: 00 00
R12=0x00007ffe90175840 jvm.dll
R13=0x0 is NULL
R14=0x00007ffe8fff6448 jvm.dll
R15=0x00007ffe8ff60b90 jvm.dll


Top of Stack: (sp=0x000000a5c86ff538)
0x000000a5c86ff538:   00007ffe8fcf6f7d 00000000c4ef93f0
0x000000a5c86ff548:   00007ffe0000ef90 0000000100041de8
0x000000a5c86ff558:   00007ffe8fcf4f7e 00000000c4ef93f0
0x000000a5c86ff568:   00007ffe8fcf6485 00000000c4ef8db8
0x000000a5c86ff578:   00007ffe90175840 00007ffe8ff60b90
0x000000a5c86ff588:   00007ffe8fff6448 000000000000ef8f
0x000000a5c86ff598:   00007ffe8fcf6763 000001e2f3e71f30
0x000000a5c86ff5a8:   000000000000000c 0000000000000010
0x000000a5c86ff5b8:   0000000000000000 0000000000000000
0x000000a5c86ff5c8:   0000000000000000 0000000000000000
0x000000a5c86ff5d8:   000001e2ece2aa00 000001e2ee9017d0
0x000000a5c86ff5e8:   00007ffe8fe20001 00007ffe8ff60b90
0x000000a5c86ff5f8:   000001e2ee919a20 000015aa00000003
0x000000a5c86ff608:   000001e2f3e71f30 0000000000000000
0x000000a5c86ff618:   0000000000000000 000001e2ee9017d0
0x000000a5c86ff628:   000001e2f94ce848 000000a5c86ff760
0x000000a5c86ff638:   00000000000003d8 000001e2fb3fab60
0x000000a5c86ff648:   000001e2f94ce470 000001e2f94ce460
0x000000a5c86ff658:   00007ffe8fcfaca8 000001e2f3e71f30
0x000000a5c86ff668:   000001e2f94ce460 000001e2f94ce470
0x000000a5c86ff678:   000001e2f3e71f30 00007ffe8fff6c38
0x000000a5c86ff688:   000001e2f3e71f30 00007ffe8ff99af0
0x000000a5c86ff698:   000000a5c86ff680 000000a5c86ff700
0x000000a5c86ff6a8:   00007ffe8fe8d5ac 0000000000000001
0x000000a5c86ff6b8:   000000a5c65fe900 00007ffe8fff6c38
0x000000a5c86ff6c8:   000000a5c65fe7c0 0000000000004343
0x000000a5c86ff6d8:   00007ffe8fe2d2b2 000001e2fe0547f0
0x000000a5c86ff6e8:   000001e2fe054a70 000000a5c86ff760
0x000000a5c86ff6f8:   0000000000000000 000000a5c65fe7c0
0x000000a5c86ff708:   00007ffe8fcfea1d 0000000000000000
0x000000a5c86ff718:   000000a5c86ff790 000001e2fbf64810
0x000000a5c86ff728:   00007ffef13bc89f 0000000000000098 

Instructions: (pc=0x00007ffe8fcf9558)
0x00007ffe8fcf9458:   d7 2f 00 48 89 03 4c 8b 05 1b d5 4e 00 4d 03 c1
0x00007ffe8fcf9468:   4c 89 43 28 33 c0 66 90 48 8b 11 4c 39 42 28 77
0x00007ffe8fcf9478:   06 4c 3b 42 38 72 10 ff c0 48 83 c1 58 83 f8 04
0x00007ffe8fcf9488:   72 e6 b8 04 00 00 00 48 8b 7c 24 18 48 63 c8 48
0x00007ffe8fcf9498:   6b c1 58 48 8b 44 28 20 48 8b 6c 24 10 48 89 43
0x00007ffe8fcf94a8:   30 48 8b c3 48 c7 43 38 00 00 00 00 48 8b 5c 24
0x00007ffe8fcf94b8:   08 c3 cc cc cc cc cc cc 48 89 5c 24 08 48 89 7c
0x00007ffe8fcf94c8:   24 10 48 8b 59 18 4d 8d 58 ff 48 8b c2 4c 8b d2
0x00007ffe8fcf94d8:   48 2b 01 49 8b f8 48 c1 e8 03 4c 8b c9 4c 03 d8
0x00007ffe8fcf94e8:   48 8b d0 48 c1 ea 10 49 c1 eb 10 48 8d 04 92 4c
0x00007ffe8fcf94f8:   8d 04 c5 00 00 00 00 49 3b d3 75 11 f0 41 01 7c
0x00007ffe8fcf9508:   18 1c 48 8b 5c 24 08 48 8b 7c 24 10 c3 49 8b c2
0x00007ffe8fcf9518:   48 c1 e8 03 0f b7 c8 b8 00 00 01 00 2b c1 f0 41
0x00007ffe8fcf9528:   01 44 18 1c 48 8d 4a 01 49 3b cb 73 3a 48 8d 04
0x00007ffe8fcf9538:   89 49 8b d3 48 c1 e0 03 48 2b d1 0f 1f 40 00 66
0x00007ffe8fcf9548:   0f 1f 84 00 00 00 00 00 49 8b 49 18 48 8d 40 28
0x00007ffe8fcf9558:   c7 44 01 f0 00 00 01 00 49 8b 49 18 4c 89 54 01
0x00007ffe8fcf9568:   e8 48 83 ea 01 75 e1 48 8b 5c 24 08 4b 8d 04 9b
0x00007ffe8fcf9578:   48 8d 14 c5 00 00 00 00 48 8d 47 ff 48 8b 7c 24
0x00007ffe8fcf9588:   10 49 8d 04 c2 48 c1 e8 03 0f b7 c8 49 8b 41 18
0x00007ffe8fcf9598:   ff c1 89 4c 10 18 49 8b 41 18 4c 89 54 10 10 c3
0x00007ffe8fcf95a8:   cc cc cc cc cc cc cc cc 4c 89 44 24 18 55 57 41
0x00007ffe8fcf95b8:   55 41 56 41 57 48 83 ec 40 48 8b c2 bf 00 00 01
0x00007ffe8fcf95c8:   00 48 2b 01 4d 8b d0 48 c1 e8 13 48 8b ea 4c 8b
0x00007ffe8fcf95d8:   e9 4c 8d 0c 80 48 8b 41 18 4e 8b 34 c8 4e 8d 3c
0x00007ffe8fcf95e8:   c8 46 8b 4c c8 1c 41 8b 47 18 41 81 e1 ff ff ff
0x00007ffe8fcf95f8:   07 4c 03 c8 4c 89 bc 24 88 00 00 00 4c 89 74 24
0x00007ffe8fcf9608:   70 4c 3b cf 75 18 48 c1 ed 03 0f b7 c5 49 8d 04
0x00007ffe8fcf9618:   c6 48 83 c4 40 41 5f 41 5e 41 5d 5f 5d c3 41 0f
0x00007ffe8fcf9628:   b6 47 20 90 48 89 5c 24 38 84 c0 0f 85 13 01 00
0x00007ffe8fcf9638:   00 48 2b 11 48 8b 05 55 d3 4e 00 48 c1 ea 13 48
0x00007ffe8fcf9648:   89 74 24 30 48 8d 0c 92 8b 74 c8 18 48 3b f7 0f 


Stack slot to memory mapping:
stack at sp + 0 slots: 0x00007ffe8fcf6f7d jvm.dll
stack at sp + 1 slots: 0x00000000c4ef93f0 is an oop: java.lang.String 
{0x00000000c4ef93f0} - klass: 'java/lang/String'
 - string: "isDAafter(Variable)"
stack at sp + 2 slots: 0x00007ffe0000ef90 is an unknown value
stack at sp + 3 slots: 0x0000000100041de8 is pointing into metadata
stack at sp + 4 slots: 0x00007ffe8fcf4f7e jvm.dll
stack at sp + 5 slots: 0x00000000c4ef93f0 is an oop: java.lang.String 
{0x00000000c4ef93f0} - klass: 'java/lang/String'
 - string: "isDAafter(Variable)"
stack at sp + 6 slots: 0x00007ffe8fcf6485 jvm.dll
stack at sp + 7 slots: 0x00000000c4ef8db8 is pointing into object: [Ljava.lang.String; 
{0x00000000c4ef8da0} - klass: 'java/lang/String'[]
 - length: 27


---------------  P R O C E S S  ---------------

Threads class SMR info:
_java_thread_list=0x000001e2ffc021f0, length=80, elements={
0x000001e2ee9017d0, 0x000001e2f3f5cf50, 0x000001e2f3f5e8b0, 0x000001e2f931af30,
0x000001e2f931b800, 0x000001e2f931e5f0, 0x000001e2f931fc30, 0x000001e2f9333940,
0x000001e2f9339690, 0x000001e2f93447b0, 0x000001e2f94aeb70, 0x000001e2fb344840,
0x000001e2fb9ddc40, 0x000001e2fbcc6460, 0x000001e2fbca6e30, 0x000001e2fbca4070,
0x000001e2fbd694f0, 0x000001e2fbd67770, 0x000001e2fbd68190, 0x000001e2fbd649e0,
0x000001e2fbd66d50, 0x000001e2fbd67260, 0x000001e2fe675f40, 0x000001e2fe677380,
0x000001e2fe675520, 0x000001e2fe6782b0, 0x000001e2fe675010, 0x000001e2fe6787c0,
0x000001e2fe675a30, 0x000001e2fe676960, 0x000001e2fe676450, 0x000001e2fe676e70,
0x000001e2fe677890, 0x000001e2fe677da0, 0x000001e2fc846e20, 0x000001e2fc8496a0,
0x000001e2fc848c80, 0x000001e2fc848770, 0x000001e2fc84aae0, 0x000001e2fc847330,
0x000001e2fc849bb0, 0x000001e29cac7720, 0x000001e29cac7c30, 0x000001e29cac4ea0,
0x000001e29cac4480, 0x000001e29cac8140, 0x000001e29cac8b60, 0x000001e29caca9c0,
0x000001e29caca4b0, 0x000001e29cac5dd0, 0x000001e29cac3f70, 0x000001e29cac4990,
0x000001e29cac9fa0, 0x000001e29cacb3e0, 0x000001e2fbd67c80, 0x000001e2fbd65e20,
0x000001e2fbd66840, 0x000001e2febdd3b0, 0x000001e2febde7f0, 0x000001e2febded00,
0x000001e2febdcea0, 0x000001e29e3cf100, 0x000001e29e3cf610, 0x000001e29e3cfb20,
0x000001e29e3c8bc0, 0x000001e29e3caa20, 0x000001e29e3ce1d0, 0x000001e2fbd65400,
0x000001e29f1a2200, 0x000001e29f19ea50, 0x000001e29f19f980, 0x000001e29f1a17e0,
0x000001e29f1a2710, 0x000001e29f19ef60, 0x000001e29f1a2c20, 0x000001e29f1a1cf0,
0x000001e29f1a3130, 0x000001e29f1a3640, 0x000001e29f1a03a0, 0x000001e29f19fe90
}

Java Threads: ( => current thread )
  0x000001e2ee9017d0 JavaThread "main" [_thread_blocked, id=28584, stack(0x000000a5c6300000,0x000000a5c6400000)]
  0x000001e2f3f5cf50 JavaThread "Reference Handler" daemon [_thread_blocked, id=5084, stack(0x000000a5c6600000,0x000000a5c6700000)]
  0x000001e2f3f5e8b0 JavaThread "Finalizer" daemon [_thread_blocked, id=25940, stack(0x000000a5c6700000,0x000000a5c6800000)]
  0x000001e2f931af30 JavaThread "Signal Dispatcher" daemon [_thread_blocked, id=25924, stack(0x000000a5c6800000,0x000000a5c6900000)]
  0x000001e2f931b800 JavaThread "Attach Listener" daemon [_thread_blocked, id=27280, stack(0x000000a5c6900000,0x000000a5c6a00000)]
  0x000001e2f931e5f0 JavaThread "Service Thread" daemon [_thread_blocked, id=9348, stack(0x000000a5c6a00000,0x000000a5c6b00000)]
  0x000001e2f931fc30 JavaThread "Monitor Deflation Thread" daemon [_thread_blocked, id=25572, stack(0x000000a5c6b00000,0x000000a5c6c00000)]
  0x000001e2f9333940 JavaThread "C2 CompilerThread0" daemon [_thread_blocked, id=22284, stack(0x000000a5c6c00000,0x000000a5c6d00000)]
  0x000001e2f9339690 JavaThread "C1 CompilerThread0" daemon [_thread_blocked, id=4816, stack(0x000000a5c6d00000,0x000000a5c6e00000)]
  0x000001e2f93447b0 JavaThread "Sweeper thread" daemon [_thread_blocked, id=19236, stack(0x000000a5c6e00000,0x000000a5c6f00000)]
  0x000001e2f94aeb70 JavaThread "Common-Cleaner" daemon [_thread_blocked, id=3916, stack(0x000000a5c6f00000,0x000000a5c7000000)]
  0x000001e2fb344840 JavaThread "Notification Thread" daemon [_thread_blocked, id=15160, stack(0x000000a5c7500000,0x000000a5c7600000)]
  0x000001e2fb9ddc40 JavaThread "Active Thread: Equinox Container: 048d14da-61d2-4128-92f3-fa5285544d04" [_thread_blocked, id=12772, stack(0x000000a5c7d00000,0x000000a5c7e00000)]
  0x000001e2fbcc6460 JavaThread "Refresh Thread: Equinox Container: 048d14da-61d2-4128-92f3-fa5285544d04" daemon [_thread_blocked, id=17240, stack(0x000000a5c7100000,0x000000a5c7200000)]
  0x000001e2fbca6e30 JavaThread "Framework Event Dispatcher: Equinox Container: 048d14da-61d2-4128-92f3-fa5285544d04" daemon [_thread_blocked, id=2588, stack(0x000000a5c7400000,0x000000a5c7500000)]
  0x000001e2fbca4070 JavaThread "Start Level: Equinox Container: 048d14da-61d2-4128-92f3-fa5285544d04" daemon [_thread_blocked, id=27728, stack(0x000000a5c7c00000,0x000000a5c7d00000)]
  0x000001e2fbd694f0 JavaThread "Bundle File Closer" daemon [_thread_blocked, id=18960, stack(0x000000a5c7000000,0x000000a5c7100000)]
  0x000001e2fbd67770 JavaThread "SCR Component Actor" daemon [_thread_blocked, id=22908, stack(0x000000a5c8000000,0x000000a5c8100000)]
  0x000001e2fbd68190 JavaThread "Worker-JM" [_thread_blocked, id=10356, stack(0x000000a5c8800000,0x000000a5c8900000)]
  0x000001e2fbd649e0 JavaThread "JNA Cleaner" daemon [_thread_blocked, id=17016, stack(0x000000a5c8900000,0x000000a5c8a00000)]
  0x000001e2fbd66d50 JavaThread "Java indexing" daemon [_thread_blocked, id=24864, stack(0x000000a5c9000000,0x000000a5c9100000)]
  0x000001e2fbd67260 JavaThread "Thread-2" daemon [_thread_in_native, id=21752, stack(0x000000a5c9400000,0x000000a5c9500000)]
  0x000001e2fe675f40 JavaThread "Thread-3" daemon [_thread_in_native, id=14320, stack(0x000000a5c9500000,0x000000a5c9600000)]
  0x000001e2fe677380 JavaThread "Thread-4" daemon [_thread_in_native, id=24304, stack(0x000000a5c9600000,0x000000a5c9700000)]
  0x000001e2fe675520 JavaThread "Thread-5" daemon [_thread_in_native, id=16352, stack(0x000000a5c9700000,0x000000a5c9800000)]
  0x000001e2fe6782b0 JavaThread "Thread-6" daemon [_thread_in_native, id=12580, stack(0x000000a5c9800000,0x000000a5c9900000)]
  0x000001e2fe675010 JavaThread "Thread-7" daemon [_thread_in_native, id=27964, stack(0x000000a5c9900000,0x000000a5c9a00000)]
  0x000001e2fe6787c0 JavaThread "Thread-8" daemon [_thread_in_native, id=27948, stack(0x000000a5c9a00000,0x000000a5c9b00000)]
  0x000001e2fe675a30 JavaThread "Thread-9" daemon [_thread_in_native, id=24280, stack(0x000000a5c9b00000,0x000000a5c9c00000)]
  0x000001e2fe676960 JavaThread "Thread-10" daemon [_thread_in_native, id=15700, stack(0x000000a5c9c00000,0x000000a5c9d00000)]
  0x000001e2fe676450 JavaThread "Thread-11" daemon [_thread_in_native, id=13720, stack(0x000000a5c9d00000,0x000000a5c9e00000)]
  0x000001e2fe676e70 JavaThread "Thread-12" daemon [_thread_in_native, id=22056, stack(0x000000a5c9e00000,0x000000a5c9f00000)]
  0x000001e2fe677890 JavaThread "Thread-13" daemon [_thread_in_native, id=13904, stack(0x000000a5c9f00000,0x000000a5ca000000)]
  0x000001e2fe677da0 JavaThread "Thread-14" daemon [_thread_in_native, id=21592, stack(0x000000a5ca000000,0x000000a5ca100000)]
  0x000001e2fc846e20 JavaThread "Thread-15" daemon [_thread_in_native, id=19912, stack(0x000000a5ca100000,0x000000a5ca200000)]
  0x000001e2fc8496a0 JavaThread "Thread-16" daemon [_thread_in_native, id=15988, stack(0x000000a5ca200000,0x000000a5ca300000)]
  0x000001e2fc848c80 JavaThread "Thread-17" daemon [_thread_in_native, id=26448, stack(0x000000a5ca300000,0x000000a5ca400000)]
  0x000001e2fc848770 JavaThread "Thread-18" daemon [_thread_in_native, id=13024, stack(0x000000a5ca400000,0x000000a5ca500000)]
  0x000001e2fc84aae0 JavaThread "pool-2-thread-1" [_thread_blocked, id=14648, stack(0x000000a5ca500000,0x000000a5ca600000)]
  0x000001e2fc847330 JavaThread "WorkspaceEventsHandler" [_thread_blocked, id=11296, stack(0x000000a5ca600000,0x000000a5ca700000)]
  0x000001e2fc849bb0 JavaThread "pool-1-thread-1" [_thread_blocked, id=11088, stack(0x000000a5ca700000,0x000000a5ca800000)]
  0x000001e29cac7720 JavaThread "ForkJoinPool.commonPool-worker-1" daemon [_thread_blocked, id=7584, stack(0x000000a5c8200000,0x000000a5c8300000)]
  0x000001e29cac7c30 JavaThread "ForkJoinPool.commonPool-worker-3" daemon [_thread_blocked, id=15204, stack(0x000000a5cab00000,0x000000a5cac00000)]
  0x000001e29cac4ea0 JavaThread "ForkJoinPool.commonPool-worker-4" daemon [_thread_blocked, id=13340, stack(0x000000a5cdc00000,0x000000a5cdd00000)]
  0x000001e29cac4480 JavaThread "ForkJoinPool.commonPool-worker-5" daemon [_thread_blocked, id=20152, stack(0x000000a5cdd00000,0x000000a5cde00000)]
  0x000001e29cac8140 JavaThread "ForkJoinPool.commonPool-worker-6" daemon [_thread_blocked, id=24924, stack(0x000000a5cde00000,0x000000a5cdf00000)]
  0x000001e29cac8b60 JavaThread "ForkJoinPool.commonPool-worker-7" daemon [_thread_blocked, id=26528, stack(0x000000a5cdf00000,0x000000a5ce000000)]
  0x000001e29caca9c0 JavaThread "ForkJoinPool.commonPool-worker-8" daemon [_thread_blocked, id=25956, stack(0x000000a5ce000000,0x000000a5ce100000)]
  0x000001e29caca4b0 JavaThread "ForkJoinPool.commonPool-worker-9" daemon [_thread_blocked, id=15152, stack(0x000000a5ce300000,0x000000a5ce400000)]
  0x000001e29cac5dd0 JavaThread "ForkJoinPool.commonPool-worker-10" daemon [_thread_blocked, id=3704, stack(0x000000a5c6000000,0x000000a5c6100000)]
  0x000001e29cac3f70 JavaThread "Cleaner-0" daemon [_thread_blocked, id=26080, stack(0x000000a5c6100000,0x000000a5c6200000)]
  0x000001e29cac4990 JavaThread "ForkJoinPool.commonPool-worker-11" daemon [_thread_blocked, id=25608, stack(0x000000a5c8300000,0x000000a5c8400000)]
  0x000001e29cac9fa0 JavaThread "ForkJoinPool.commonPool-worker-12" daemon [_thread_blocked, id=27672, stack(0x000000a5c8d00000,0x000000a5c8e00000)]
  0x000001e29cacb3e0 JavaThread "ForkJoinPool.commonPool-worker-13" daemon [_thread_blocked, id=27924, stack(0x000000a5c9200000,0x000000a5c9300000)]
  0x000001e2fbd67c80 JavaThread "ForkJoinPool.commonPool-worker-14" daemon [_thread_blocked, id=25328, stack(0x000000a5c9300000,0x000000a5c9400000)]
  0x000001e2fbd65e20 JavaThread "ForkJoinPool.commonPool-worker-15" daemon [_thread_blocked, id=25092, stack(0x000000a5c8400000,0x000000a5c8500000)]
  0x000001e2fbd66840 JavaThread "ForkJoinPool.commonPool-worker-16" daemon [_thread_blocked, id=20684, stack(0x000000a5c8100000,0x000000a5c8200000)]
  0x000001e2febdd3b0 JavaThread "Java Debug Server" daemon [_thread_in_native, id=6064, stack(0x000000a5c8e00000,0x000000a5c8f00000)]
  0x000001e2febde7f0 JavaThread "RxSchedulerPurge-1" daemon [_thread_blocked, id=4640, stack(0x000000a5ca800000,0x000000a5ca900000)]
  0x000001e2febded00 JavaThread "RxCachedWorkerPoolEvictor-1" daemon [_thread_blocked, id=14072, stack(0x000000a5ca900000,0x000000a5caa00000)]
  0x000001e2febdcea0 JavaThread "Worker-7" [_thread_blocked, id=8684, stack(0x000000a5c8a00000,0x000000a5c8b00000)]
  0x000001e29e3cf100 JavaThread "Compiler Source File Reader" daemon [_thread_blocked, id=22220, stack(0x000000a5cb700000,0x000000a5cb800000)]
  0x000001e29e3cf610 JavaThread "Compiler Source File Reader" daemon [_thread_blocked, id=436, stack(0x000000a5cb800000,0x000000a5cb900000)]
  0x000001e29e3cfb20 JavaThread "Compiler Source File Reader" daemon [_thread_blocked, id=11472, stack(0x000000a5cb900000,0x000000a5cba00000)]
  0x000001e29e3c8bc0 JavaThread "Compiler Source File Reader" daemon [_thread_blocked, id=25208, stack(0x000000a5cb400000,0x000000a5cb500000)]
  0x000001e29e3caa20 JavaThread "Compiler Source File Reader" daemon [_thread_blocked, id=25236, stack(0x000000a5cb500000,0x000000a5cb600000)]
  0x000001e29e3ce1d0 JavaThread "Compiler Source File Reader" daemon [_thread_blocked, id=22412, stack(0x000000a5cb600000,0x000000a5cb700000)]
  0x000001e2fbd65400 JavaThread "Compiler Source File Reader" daemon [_thread_blocked, id=27196, stack(0x000000a5cbb00000,0x000000a5cbc00000)]
  0x000001e29f1a2200 JavaThread "Worker-17" [_thread_blocked, id=9584, stack(0x000000a5c6200000,0x000000a5c6300000)]
  0x000001e29f19ea50 JavaThread "Compiler Source File Reader" daemon [_thread_blocked, id=1432, stack(0x000000a5c8500000,0x000000a5c8600000)]
  0x000001e29f19f980 JavaThread "Compiler Processing Task" daemon [_thread_blocked, id=19904, stack(0x000000a5c9100000,0x000000a5c9200000)]
  0x000001e29f1a17e0 JavaThread "Worker-18" [_thread_blocked, id=28360, stack(0x000000a5caa00000,0x000000a5cab00000)]
  0x000001e29f1a2710 JavaThread "Compiler Source File Reader" daemon [_thread_blocked, id=19404, stack(0x000000a5cac00000,0x000000a5cad00000)]
  0x000001e29f19ef60 JavaThread "Compiler Source File Reader" daemon [_thread_blocked, id=21696, stack(0x000000a5c8f00000,0x000000a5c9000000)]
  0x000001e29f1a2c20 JavaThread "Compiler Source File Reader" daemon [_thread_blocked, id=19936, stack(0x000000a5cad00000,0x000000a5cae00000)]
  0x000001e29f1a1cf0 JavaThread "Compiler Source File Reader" daemon [_thread_blocked, id=16700, stack(0x000000a5cae00000,0x000000a5caf00000)]
  0x000001e29f1a3130 JavaThread "Compiler Source File Reader" daemon [_thread_blocked, id=15728, stack(0x000000a5caf00000,0x000000a5cb000000)]
  0x000001e29f1a3640 JavaThread "Compiler Source File Reader" daemon [_thread_blocked, id=24624, stack(0x000000a5cb000000,0x000000a5cb100000)]
  0x000001e29f1a03a0 JavaThread "process reaper" daemon [_thread_blocked, id=22748, stack(0x000000a5c5d10000,0x000000a5c5d30000)]
  0x000001e29f19fe90 JavaThread "Worker-19" [_thread_blocked, id=27880, stack(0x000000a5c8b00000,0x000000a5c8c00000)]

Other Threads:
  0x000001e2ee985670 VMThread "VM Thread" [stack: 0x000000a5c6500000,0x000000a5c6600000] [id=12412]
  0x000001e2fb3248b0 WatcherThread [stack: 0x000000a5c7600000,0x000000a5c7700000] [id=9644]
  0x000001e2ee916ac0 GCTaskThread "GC Thread#0" [stack: 0x000000a5c6400000,0x000000a5c6500000] [id=22980]
  0x000001e2fb602050 GCTaskThread "GC Thread#1" [stack: 0x000000a5c7700000,0x000000a5c7800000] [id=17308]
  0x000001e2fb9307e0 GCTaskThread "GC Thread#2" [stack: 0x000000a5c7800000,0x000000a5c7900000] [id=15224]
  0x000001e2fb930aa0 GCTaskThread "GC Thread#3" [stack: 0x000000a5c7900000,0x000000a5c7a00000] [id=21892]
  0x000001e2fb930d60 GCTaskThread "GC Thread#4" [stack: 0x000000a5c7a00000,0x000000a5c7b00000] [id=21604]
  0x000001e2fb8c3050 GCTaskThread "GC Thread#5" [stack: 0x000000a5c7b00000,0x000000a5c7c00000] [id=5684]
  0x000001e2fbcc6d40 GCTaskThread "GC Thread#6" [stack: 0x000000a5c7200000,0x000000a5c7300000] [id=16224]
  0x000001e2fbce8680 GCTaskThread "GC Thread#7" [stack: 0x000000a5c7300000,0x000000a5c7400000] [id=28072]
  0x000001e2fbd77d20 GCTaskThread "GC Thread#8" [stack: 0x000000a5c7e00000,0x000000a5c7f00000] [id=8480]
  0x000001e2fb3bc970 GCTaskThread "GC Thread#9" [stack: 0x000000a5c7f00000,0x000000a5c8000000] [id=26416]
=>0x000001e2fbf64810 GCTaskThread "GC Thread#10" [stack: 0x000000a5c8600000,0x000000a5c8700000] [id=16160]
  0x000001e2fbf64ad0 GCTaskThread "GC Thread#11" [stack: 0x000000a5c8700000,0x000000a5c8800000] [id=18856]
  0x000001e2fb6f1610 GCTaskThread "GC Thread#12" [stack: 0x000000a5c8c00000,0x000000a5c8d00000] [id=19188]

Threads with active compile tasks:
C1 CompilerThread0  3757705 37524       3       org.eclipse.jdt.internal.core.CompilationUnitStructureRequestor::createAnnotation (10 bytes)

VM state: at safepoint (normal execution)

VM Mutex/Monitor currently owned by a thread:  ([mutex/lock_event])
[0x000001e2ee8fe280] Threads_lock - owner thread: 0x000001e2ee985670
[0x000001e2ee8fd860] Heap_lock - owner thread: 0x000001e29cacb3e0

Heap address: 0x00000000c0000000, size: 1024 MB, Compressed Oops mode: 32-bit

CDS archive(s) not mapped
Compressed class space mapped at: 0x0000000100000000-0x0000000140000000, reserved size: 1073741824
Narrow klass base: 0x0000000000000000, Narrow klass shift: 3, Narrow klass range: 0x140000000

GC Precious Log:
 CPUs: 16 total, 16 available
 Memory: 15791M
 Large Page Support: Disabled
 NUMA Support: Disabled
 Compressed Oops: Enabled (32-bit)
 Alignments: Space 512K, Generation 512K, Heap 2M
 Heap Min Capacity: 100M
 Heap Initial Capacity: 100M
 Heap Max Capacity: 1G
 Pre-touch: Disabled
 Parallel Workers: 13

Heap:
 PSYoungGen      total 5120K, used 4673K [0x00000000eab00000, 0x00000000eb380000, 0x0000000100000000)
  eden space 3584K, 100% used [0x00000000eab00000,0x00000000eae80000,0x00000000eae80000)
  from space 1536K, 70% used [0x00000000eae80000,0x00000000eaf907c8,0x00000000eb000000)
  to   space 2048K, 0% used [0x00000000eb180000,0x00000000eb180000,0x00000000eb380000)
 ParOldGen       total 174080K, used 173722K [0x00000000c0000000, 0x00000000caa00000, 0x00000000eab00000)
  object space 174080K, 99% used [0x00000000c0000000,0x00000000ca9a6b30,0x00000000caa00000)
 Metaspace       used 109402K, committed 110784K, reserved 1179648K
  class space    used 10612K, committed 11264K, reserved 1048576K

Card table byte_map: [0x000001e2f17f0000,0x000001e2f1a00000] _byte_map_base: 0x000001e2f11f0000

Marking Bits: (ParMarkBitMap*) 0x00007ffe901e6940
 Begin Bits: [0x000001e2f1b60000, 0x000001e2f2b60000)
 End Bits:   [0x000001e2f2b60000, 0x000001e2f3b60000)

Polling page: 0x000001e2ed0d0000

Metaspace:

Usage:
  Non-class:     96.47 MB used.
      Class:     10.36 MB used.
       Both:    106.84 MB used.

Virtual space:
  Non-class space:      128.00 MB reserved,      97.19 MB ( 76%) committed,  2 nodes.
      Class space:        1.00 GB reserved,      11.00 MB (  1%) committed,  1 nodes.
             Both:        1.12 GB reserved,     108.19 MB (  9%) committed. 

Chunk freelists:
   Non-Class:  14.58 MB
       Class:  5.09 MB
        Both:  19.67 MB

MaxMetaspaceSize: unlimited
CompressedClassSpaceSize: 1.00 GB
Initial GC threshold: 21.00 MB
Current GC threshold: 180.25 MB
CDS: off
MetaspaceReclaimPolicy: balanced
 - commit_granule_bytes: 65536.
 - commit_granule_words: 8192.
 - virtual_space_node_default_size: 8388608.
 - enlarge_chunks_in_place: 1.
 - new_chunks_are_fully_committed: 0.
 - uncommit_free_chunks: 1.
 - use_allocation_guard: 0.
 - handle_deallocations: 1.


Internal statistics:

num_allocs_failed_limit: 6.
num_arena_births: 1472.
num_arena_deaths: 438.
num_vsnodes_births: 3.
num_vsnodes_deaths: 0.
num_space_committed: 1731.
num_space_uncommitted: 0.
num_chunks_returned_to_freelist: 517.
num_chunks_taken_from_freelist: 6589.
num_chunk_merges: 173.
num_chunk_splits: 3772.
num_chunks_enlarged: 1892.
num_inconsistent_stats: 0.

CodeHeap 'non-profiled nmethods': size=119168Kb used=42259Kb max_used=42259Kb free=76908Kb
 bounds [0x000001e287ba0000, 0x000001e28a4f0000, 0x000001e28f000000]
CodeHeap 'profiled nmethods': size=119104Kb used=47842Kb max_used=48057Kb free=71261Kb
 bounds [0x000001e280000000, 0x000001e282f10000, 0x000001e287450000]
CodeHeap 'non-nmethods': size=7488Kb used=1485Kb max_used=3244Kb free=6002Kb
 bounds [0x000001e287450000, 0x000001e287790000, 0x000001e287ba0000]
 total_blobs=26213 nmethods=25372 adapters=748
 compilation: enabled
              stopped_count=0, restarted_count=0
 full_count=0

Compilation events (20 events):
Event: 3753.788 Thread 0x000001e2f9339690 nmethod 37514 0x000001e281c53210 code [0x000001e281c53420, 0x000001e281c53af8]
Event: 3753.801 Thread 0x000001e2f9333940 37515       4       org.eclipse.core.internal.resources.Resource::getLocation (30 bytes)
Event: 3753.931 Thread 0x000001e2f9333940 nmethod 37515 0x000001e28a4d4d10 code [0x000001e28a4d4fe0, 0x000001e28a4d5c78]
Event: 3753.931 Thread 0x000001e2f9333940 37516       4       org.eclipse.sisu.plexus.DefaultPlexusBeanLocator::locate (95 bytes)
Event: 3754.011 Thread 0x000001e2f9333940 nmethod 37516 0x000001e28a4d6b10 code [0x000001e28a4d7000, 0x000001e28a4da758]
Event: 3754.759 Thread 0x000001e2f9333940 37517       4       org.eclipse.jdt.ls.core.internal.handlers.JDTLanguageServer::inlayHint (18 bytes)
Event: 3754.766 Thread 0x000001e2f9333940 nmethod 37517 0x000001e28a4dd310 code [0x000001e28a4dd4e0, 0x000001e28a4dda58]
Event: 3754.766 Thread 0x000001e2f9333940 37518       4       org.eclipse.jdt.ls.core.internal.handlers.JDTLanguageServer$$Lambda$635/0x0000000100793430::apply (16 bytes)
Event: 3754.847 Thread 0x000001e2f9333940 nmethod 37518 0x000001e28a4de010 code [0x000001e28a4de460, 0x000001e28a4e1040]
Event: 3757.425 Thread 0x000001e2f9333940 37519       4       org.eclipse.jface.text.AbstractDocument::doFireDocumentChanged (47 bytes)
Event: 3757.429 Thread 0x000001e2f9339690 37521       3       java.io.File::createNewFile (44 bytes)
Event: 3757.429 Thread 0x000001e2f9339690 nmethod 37521 0x000001e282e6fc90 code [0x000001e282e6fe80, 0x000001e282e702f8]
Event: 3757.430 Thread 0x000001e2f9333940 nmethod 37519 0x000001e28a4e3610 code [0x000001e28a4e37e0, 0x000001e28a4e3b18]
Event: 3757.430 Thread 0x000001e2f9333940 37520       4       org.eclipse.jface.text.AbstractDocument::updateDocumentStructures (210 bytes)
Event: 3757.432 Thread 0x000001e2f9333940 nmethod 37520 0x000001e28a4e3f10 code [0x000001e28a4e40c0, 0x000001e28a4e4398]
Event: 3757.631 Thread 0x000001e2f9333940 37522       4       java.util.ImmutableCollections$SetN::probe (56 bytes)
Event: 3757.633 Thread 0x000001e2f9339690 37523       3       org.eclipse.jdt.internal.compiler.SourceElementParser::consumeAnnotationAsModifier (49 bytes)
Event: 3757.633 Thread 0x000001e2f9339690 nmethod 37523 0x000001e281c52990 code [0x000001e281c52b60, 0x000001e281c53018]
Event: 3757.633 Thread 0x000001e2f9333940 nmethod 37522 0x000001e28a4e4710 code [0x000001e28a4e48a0, 0x000001e28a4e4ab8]
Event: 3757.640 Thread 0x000001e2f9339690 37524       3       org.eclipse.jdt.internal.core.CompilationUnitStructureRequestor::createAnnotation (10 bytes)

GC Heap History (20 events):
Event: 3757.462 GC heap after
{Heap after GC invocations=16851 (full 357):
 PSYoungGen      total 4096K, used 1496K [0x00000000eab00000, 0x00000000eb180000, 0x0000000100000000)
  eden space 2560K, 0% used [0x00000000eab00000,0x00000000eab00000,0x00000000ead80000)
  from space 1536K, 97% used [0x00000000eb000000,0x00000000eb176020,0x00000000eb180000)
  to   space 2048K, 0% used [0x00000000ead80000,0x00000000ead80000,0x00000000eaf80000)
 ParOldGen       total 173568K, used 160204K [0x00000000c0000000, 0x00000000ca980000, 0x00000000eab00000)
  object space 173568K, 92% used [0x00000000c0000000,0x00000000c9c73360,0x00000000ca980000)
 Metaspace       used 109401K, committed 110784K, reserved 1179648K
  class space    used 10612K, committed 11264K, reserved 1048576K
}
Event: 3757.480 GC heap before
{Heap before GC invocations=16852 (full 357):
 PSYoungGen      total 4096K, used 4056K [0x00000000eab00000, 0x00000000eb180000, 0x0000000100000000)
  eden space 2560K, 100% used [0x00000000eab00000,0x00000000ead80000,0x00000000ead80000)
  from space 1536K, 97% used [0x00000000eb000000,0x00000000eb176020,0x00000000eb180000)
  to   space 2048K, 0% used [0x00000000ead80000,0x00000000ead80000,0x00000000eaf80000)
 ParOldGen       total 173568K, used 160204K [0x00000000c0000000, 0x00000000ca980000, 0x00000000eab00000)
  object space 173568K, 92% used [0x00000000c0000000,0x00000000c9c73360,0x00000000ca980000)
 Metaspace       used 109401K, committed 110784K, reserved 1179648K
  class space    used 10612K, committed 11264K, reserved 1048576K
}
Event: 3757.482 GC heap after
{Heap after GC invocations=16852 (full 357):
 PSYoungGen      total 4608K, used 2030K [0x00000000eab00000, 0x00000000eb380000, 0x0000000100000000)
  eden space 2560K, 0% used [0x00000000eab00000,0x00000000eab00000,0x00000000ead80000)
  from space 2048K, 99% used [0x00000000ead80000,0x00000000eaf7bab0,0x00000000eaf80000)
  to   space 3072K, 0% used [0x00000000eb080000,0x00000000eb080000,0x00000000eb380000)
 ParOldGen       total 173568K, used 161000K [0x00000000c0000000, 0x00000000ca980000, 0x00000000eab00000)
  object space 173568K, 92% used [0x00000000c0000000,0x00000000c9d3a360,0x00000000ca980000)
 Metaspace       used 109401K, committed 110784K, reserved 1179648K
  class space    used 10612K, committed 11264K, reserved 1048576K
}
Event: 3757.491 GC heap before
{Heap before GC invocations=16853 (full 357):
 PSYoungGen      total 4608K, used 4590K [0x00000000eab00000, 0x00000000eb380000, 0x0000000100000000)
  eden space 2560K, 100% used [0x00000000eab00000,0x00000000ead80000,0x00000000ead80000)
  from space 2048K, 99% used [0x00000000ead80000,0x00000000eaf7bab0,0x00000000eaf80000)
  to   space 3072K, 0% used [0x00000000eb080000,0x00000000eb080000,0x00000000eb380000)
 ParOldGen       total 173568K, used 161000K [0x00000000c0000000, 0x00000000ca980000, 0x00000000eab00000)
  object space 173568K, 92% used [0x00000000c0000000,0x00000000c9d3a360,0x00000000ca980000)
 Metaspace       used 109401K, committed 110784K, reserved 1179648K
  class space    used 10612K, committed 11264K, reserved 1048576K
}
Event: 3757.493 GC heap after
{Heap after GC invocations=16853 (full 357):
 PSYoungGen      total 5632K, used 2496K [0x00000000eab00000, 0x00000000eb380000, 0x0000000100000000)
  eden space 2560K, 0% used [0x00000000eab00000,0x00000000eab00000,0x00000000ead80000)
  from space 3072K, 81% used [0x00000000eb080000,0x00000000eb2f0020,0x00000000eb380000)
  to   space 3072K, 0% used [0x00000000ead80000,0x00000000ead80000,0x00000000eb080000)
 ParOldGen       total 173568K, used 163079K [0x00000000c0000000, 0x00000000ca980000, 0x00000000eab00000)
  object space 173568K, 93% used [0x00000000c0000000,0x00000000c9f41e10,0x00000000ca980000)
 Metaspace       used 109401K, committed 110784K, reserved 1179648K
  class space    used 10612K, committed 11264K, reserved 1048576K
}
Event: 3757.539 GC heap before
{Heap before GC invocations=16854 (full 357):
 PSYoungGen      total 5632K, used 5056K [0x00000000eab00000, 0x00000000eb380000, 0x0000000100000000)
  eden space 2560K, 99% used [0x00000000eab00000,0x00000000ead7fff0,0x00000000ead80000)
  from space 3072K, 81% used [0x00000000eb080000,0x00000000eb2f0020,0x00000000eb380000)
  to   space 3072K, 0% used [0x00000000ead80000,0x00000000ead80000,0x00000000eb080000)
 ParOldGen       total 173568K, used 163079K [0x00000000c0000000, 0x00000000ca980000, 0x00000000eab00000)
  object space 173568K, 93% used [0x00000000c0000000,0x00000000c9f41e10,0x00000000ca980000)
 Metaspace       used 109401K, committed 110784K, reserved 1179648K
  class space    used 10612K, committed 11264K, reserved 1048576K
}
Event: 3757.541 GC heap after
{Heap after GC invocations=16854 (full 357):
 PSYoungGen      total 3584K, used 832K [0x00000000eab00000, 0x00000000eb100000, 0x0000000100000000)
  eden space 2560K, 0% used [0x00000000eab00000,0x00000000eab00000,0x00000000ead80000)
  from space 1024K, 81% used [0x00000000ead80000,0x00000000eae50000,0x00000000eae80000)
  to   space 1536K, 0% used [0x00000000eaf80000,0x00000000eaf80000,0x00000000eb100000)
 ParOldGen       total 173568K, used 164863K [0x00000000c0000000, 0x00000000ca980000, 0x00000000eab00000)
  object space 173568K, 94% used [0x00000000c0000000,0x00000000ca0ffe10,0x00000000ca980000)
 Metaspace       used 109401K, committed 110784K, reserved 1179648K
  class space    used 10612K, committed 11264K, reserved 1048576K
}
Event: 3757.556 GC heap before
{Heap before GC invocations=16855 (full 357):
 PSYoungGen      total 3584K, used 3392K [0x00000000eab00000, 0x00000000eb100000, 0x0000000100000000)
  eden space 2560K, 100% used [0x00000000eab00000,0x00000000ead80000,0x00000000ead80000)
  from space 1024K, 81% used [0x00000000ead80000,0x00000000eae50000,0x00000000eae80000)
  to   space 1536K, 0% used [0x00000000eaf80000,0x00000000eaf80000,0x00000000eb100000)
 ParOldGen       total 173568K, used 164863K [0x00000000c0000000, 0x00000000ca980000, 0x00000000eab00000)
  object space 173568K, 94% used [0x00000000c0000000,0x00000000ca0ffe10,0x00000000ca980000)
 Metaspace       used 109401K, committed 110784K, reserved 1179648K
  class space    used 10612K, committed 11264K, reserved 1048576K
}
Event: 3757.556 GC heap after
{Heap after GC invocations=16855 (full 357):
 PSYoungGen      total 3072K, used 480K [0x00000000eab00000, 0x00000000eb000000, 0x0000000100000000)
  eden space 2560K, 0% used [0x00000000eab00000,0x00000000eab00000,0x00000000ead80000)
  from space 512K, 93% used [0x00000000eaf80000,0x00000000eaff8020,0x00000000eb000000)
  to   space 1024K, 0% used [0x00000000eae00000,0x00000000eae00000,0x00000000eaf00000)
 ParOldGen       total 173568K, used 165032K [0x00000000c0000000, 0x00000000ca980000, 0x00000000eab00000)
  object space 173568K, 95% used [0x00000000c0000000,0x00000000ca12a2b0,0x00000000ca980000)
 Metaspace       used 109401K, committed 110784K, reserved 1179648K
  class space    used 10612K, committed 11264K, reserved 1048576K
}
Event: 3757.560 GC heap before
{Heap before GC invocations=16856 (full 357):
 PSYoungGen      total 3072K, used 3040K [0x00000000eab00000, 0x00000000eb000000, 0x0000000100000000)
  eden space 2560K, 100% used [0x00000000eab00000,0x00000000ead80000,0x00000000ead80000)
  from space 512K, 93% used [0x00000000eaf80000,0x00000000eaff8020,0x00000000eb000000)
  to   space 1024K, 0% used [0x00000000eae00000,0x00000000eae00000,0x00000000eaf00000)
 ParOldGen       total 173568K, used 165032K [0x00000000c0000000, 0x00000000ca980000, 0x00000000eab00000)
  object space 173568K, 95% used [0x00000000c0000000,0x00000000ca12a2b0,0x00000000ca980000)
 Metaspace       used 109401K, committed 110784K, reserved 1179648K
  class space    used 10612K, committed 11264K, reserved 1048576K
}
Event: 3757.562 GC heap after
{Heap after GC invocations=16856 (full 357):
 PSYoungGen      total 3584K, used 1021K [0x00000000eab00000, 0x00000000eb380000, 0x0000000100000000)
  eden space 2560K, 0% used [0x00000000eab00000,0x00000000eab00000,0x00000000ead80000)
  from space 1024K, 99% used [0x00000000eae00000,0x00000000eaeff440,0x00000000eaf00000)
  to   space 3072K, 0% used [0x00000000eb080000,0x00000000eb080000,0x00000000eb380000)
 ParOldGen       total 173568K, used 166611K [0x00000000c0000000, 0x00000000ca980000, 0x00000000eab00000)
  object space 173568K, 95% used [0x00000000c0000000,0x00000000ca2b4f60,0x00000000ca980000)
 Metaspace       used 109401K, committed 110784K, reserved 1179648K
  class space    used 10612K, committed 11264K, reserved 1048576K
}
Event: 3757.566 GC heap before
{Heap before GC invocations=16857 (full 357):
 PSYoungGen      total 3584K, used 3581K [0x00000000eab00000, 0x00000000eb380000, 0x0000000100000000)
  eden space 2560K, 99% used [0x00000000eab00000,0x00000000ead7fff0,0x00000000ead80000)
  from space 1024K, 99% used [0x00000000eae00000,0x00000000eaeff440,0x00000000eaf00000)
  to   space 3072K, 0% used [0x00000000eb080000,0x00000000eb080000,0x00000000eb380000)
 ParOldGen       total 173568K, used 166611K [0x00000000c0000000, 0x00000000ca980000, 0x00000000eab00000)
  object space 173568K, 95% used [0x00000000c0000000,0x00000000ca2b4f60,0x00000000ca980000)
 Metaspace       used 109401K, committed 110784K, reserved 1179648K
  class space    used 10612K, committed 11264K, reserved 1048576K
}
Event: 3757.567 GC heap after
{Heap after GC invocations=16857 (full 357):
 PSYoungGen      total 4096K, used 1453K [0x00000000eab00000, 0x00000000eb200000, 0x0000000100000000)
  eden space 2560K, 0% used [0x00000000eab00000,0x00000000eab00000,0x00000000ead80000)
  from space 1536K, 94% used [0x00000000eb080000,0x00000000eb1eb730,0x00000000eb200000)
  to   space 2048K, 0% used [0x00000000eae00000,0x00000000eae00000,0x00000000eb000000)
 ParOldGen       total 173568K, used 166885K [0x00000000c0000000, 0x00000000ca980000, 0x00000000eab00000)
  object space 173568K, 96% used [0x00000000c0000000,0x00000000ca2f9400,0x00000000ca980000)
 Metaspace       used 109401K, committed 110784K, reserved 1179648K
  class space    used 10612K, committed 11264K, reserved 1048576K
}
Event: 3757.570 GC heap before
{Heap before GC invocations=16858 (full 357):
 PSYoungGen      total 4096K, used 4013K [0x00000000eab00000, 0x00000000eb200000, 0x0000000100000000)
  eden space 2560K, 100% used [0x00000000eab00000,0x00000000ead80000,0x00000000ead80000)
  from space 1536K, 94% used [0x00000000eb080000,0x00000000eb1eb730,0x00000000eb200000)
  to   space 2048K, 0% used [0x00000000eae00000,0x00000000eae00000,0x00000000eb000000)
 ParOldGen       total 173568K, used 166885K [0x00000000c0000000, 0x00000000ca980000, 0x00000000eab00000)
  object space 173568K, 96% used [0x00000000c0000000,0x00000000ca2f9400,0x00000000ca980000)
 Metaspace       used 109401K, committed 110784K, reserved 1179648K
  class space    used 10612K, committed 11264K, reserved 1048576K
}
Event: 3757.571 GC heap after
{Heap after GC invocations=16858 (full 357):
 PSYoungGen      total 5120K, used 2048K [0x00000000eab00000, 0x00000000eb600000, 0x0000000100000000)
  eden space 3072K, 0% used [0x00000000eab00000,0x00000000eab00000,0x00000000eae00000)
  from space 2048K, 100% used [0x00000000eae00000,0x00000000eb000000,0x00000000eb000000)
  to   space 4096K, 0% used [0x00000000eb200000,0x00000000eb200000,0x00000000eb600000)
 ParOldGen       total 173568K, used 168522K [0x00000000c0000000, 0x00000000ca980000, 0x00000000eab00000)
  object space 173568K, 97% used [0x00000000c0000000,0x00000000ca492b30,0x00000000ca980000)
 Metaspace       used 109401K, committed 110784K, reserved 1179648K
  class space    used 10612K, committed 11264K, reserved 1048576K
}
Event: 3757.574 GC heap before
{Heap before GC invocations=16859 (full 357):
 PSYoungGen      total 5120K, used 5120K [0x00000000eab00000, 0x00000000eb600000, 0x0000000100000000)
  eden space 3072K, 100% used [0x00000000eab00000,0x00000000eae00000,0x00000000eae00000)
  from space 2048K, 100% used [0x00000000eae00000,0x00000000eb000000,0x00000000eb000000)
  to   space 4096K, 0% used [0x00000000eb200000,0x00000000eb200000,0x00000000eb600000)
 ParOldGen       total 173568K, used 168522K [0x00000000c0000000, 0x00000000ca980000, 0x00000000eab00000)
  object space 173568K, 97% used [0x00000000c0000000,0x00000000ca492b30,0x00000000ca980000)
 Metaspace       used 109401K, committed 110784K, reserved 1179648K
  class space    used 10612K, committed 11264K, reserved 1048576K
}
Event: 3757.576 GC heap after
{Heap after GC invocations=16859 (full 357):
 PSYoungGen      total 7680K, used 3136K [0x00000000eab00000, 0x00000000eb600000, 0x0000000100000000)
  eden space 3584K, 0% used [0x00000000eab00000,0x00000000eab00000,0x00000000eae80000)
  from space 4096K, 76% used [0x00000000eb200000,0x00000000eb510000,0x00000000eb600000)
  to   space 3584K, 0% used [0x00000000eae80000,0x00000000eae80000,0x00000000eb200000)
 ParOldGen       total 173568K, used 170650K [0x00000000c0000000, 0x00000000ca980000, 0x00000000eab00000)
  object space 173568K, 98% used [0x00000000c0000000,0x00000000ca6a6b30,0x00000000ca980000)
 Metaspace       used 109401K, committed 110784K, reserved 1179648K
  class space    used 10612K, committed 11264K, reserved 1048576K
}
Event: 3757.633 GC heap before
{Heap before GC invocations=16860 (full 357):
 PSYoungGen      total 7680K, used 6720K [0x00000000eab00000, 0x00000000eb600000, 0x0000000100000000)
  eden space 3584K, 100% used [0x00000000eab00000,0x00000000eae80000,0x00000000eae80000)
  from space 4096K, 76% used [0x00000000eb200000,0x00000000eb510000,0x00000000eb600000)
  to   space 3584K, 0% used [0x00000000eae80000,0x00000000eae80000,0x00000000eb200000)
 ParOldGen       total 173568K, used 170650K [0x00000000c0000000, 0x00000000ca980000, 0x00000000eab00000)
  object space 173568K, 98% used [0x00000000c0000000,0x00000000ca6a6b30,0x00000000ca980000)
 Metaspace       used 109401K, committed 110784K, reserved 1179648K
  class space    used 10612K, committed 11264K, reserved 1048576K
}
Event: 3757.635 GC heap after
{Heap after GC invocations=16860 (full 357):
 PSYoungGen      total 5120K, used 1089K [0x00000000eab00000, 0x00000000eb380000, 0x0000000100000000)
  eden space 3584K, 0% used [0x00000000eab00000,0x00000000eab00000,0x00000000eae80000)
  from space 1536K, 70% used [0x00000000eae80000,0x00000000eaf907c8,0x00000000eb000000)
  to   space 2048K, 0% used [0x00000000eb180000,0x00000000eb180000,0x00000000eb380000)
 ParOldGen       total 174080K, used 173722K [0x00000000c0000000, 0x00000000caa00000, 0x00000000eab00000)
  object space 174080K, 99% used [0x00000000c0000000,0x00000000ca9a6b30,0x00000000caa00000)
 Metaspace       used 109401K, committed 110784K, reserved 1179648K
  class space    used 10612K, committed 11264K, reserved 1048576K
}
Event: 3757.640 GC heap before
{Heap before GC invocations=16861 (full 358):
 PSYoungGen      total 5120K, used 4673K [0x00000000eab00000, 0x00000000eb380000, 0x0000000100000000)
  eden space 3584K, 100% used [0x00000000eab00000,0x00000000eae80000,0x00000000eae80000)
  from space 1536K, 70% used [0x00000000eae80000,0x00000000eaf907c8,0x00000000eb000000)
  to   space 2048K, 0% used [0x00000000eb180000,0x00000000eb180000,0x00000000eb380000)
 ParOldGen       total 174080K, used 173722K [0x00000000c0000000, 0x00000000caa00000, 0x00000000eab00000)
  object space 174080K, 99% used [0x00000000c0000000,0x00000000ca9a6b30,0x00000000caa00000)
 Metaspace       used 109402K, committed 110784K, reserved 1179648K
  class space    used 10612K, committed 11264K, reserved 1048576K
}

Dll operation events (12 events):
Event: 0.056 Loaded shared library c:\Users\bllad\.vscode\extensions\redhat.java-1.37.0-win32-x64\jre\17.0.13-win32-x86_64\bin\java.dll
Event: 0.224 Loaded shared library c:\Users\bllad\.vscode\extensions\redhat.java-1.37.0-win32-x64\jre\17.0.13-win32-x86_64\bin\zip.dll
Event: 0.229 Loaded shared library C:\Users\bllad\.vscode\extensions\redhat.java-1.37.0-win32-x64\jre\17.0.13-win32-x86_64\bin\instrument.dll
Event: 0.244 Loaded shared library C:\Users\bllad\.vscode\extensions\redhat.java-1.37.0-win32-x64\jre\17.0.13-win32-x86_64\bin\net.dll
Event: 0.248 Loaded shared library C:\Users\bllad\.vscode\extensions\redhat.java-1.37.0-win32-x64\jre\17.0.13-win32-x86_64\bin\nio.dll
Event: 0.256 Loaded shared library C:\Users\bllad\.vscode\extensions\redhat.java-1.37.0-win32-x64\jre\17.0.13-win32-x86_64\bin\zip.dll
Event: 0.271 Loaded shared library C:\Users\bllad\.vscode\extensions\redhat.java-1.37.0-win32-x64\jre\17.0.13-win32-x86_64\bin\jimage.dll
Event: 0.336 Loaded shared library c:\Users\bllad\.vscode\extensions\redhat.java-1.37.0-win32-x64\jre\17.0.13-win32-x86_64\bin\verify.dll
Event: 4.561 Loaded shared library C:\Users\bllad\AppData\Roaming\Code\User\globalStorage\redhat.java\1.37.0\config_win\org.eclipse.equinox.launcher\org.eclipse.equinox.launcher.win32.win32.x86_64_1.2.1100.v20240722-2106\eclipse_11904.dll
Event: 11.453 Loaded shared library C:\Users\bllad\AppData\Local\Temp\jna-93829381\jna734234068906016559.dll
Event: 18.674 Loaded shared library C:\Users\bllad\.vscode\extensions\redhat.java-1.37.0-win32-x64\jre\17.0.13-win32-x86_64\bin\sunmscapi.dll
Event: 250.055 Loaded shared library C:\Users\bllad\.vscode\extensions\redhat.java-1.37.0-win32-x64\jre\17.0.13-win32-x86_64\bin\extnet.dll

Deoptimization events (20 events):
Event: 3745.817 Thread 0x000001e2fc849bb0 Uncommon trap: trap_request=0xffffff45 fr.pc=0x000001e289d1340c relative=0x000000000000034c
Event: 3745.817 Thread 0x000001e2fc849bb0 Uncommon trap: reason=unstable_if action=reinterpret pc=0x000001e289d1340c method=org.eclipse.jdt.internal.compiler.parser.Parser.checkComment()V @ 209 c2
Event: 3745.817 Thread 0x000001e2fc849bb0 DEOPT PACKING pc=0x000001e289d1340c sp=0x000000a5ca7fe410
Event: 3745.817 Thread 0x000001e2fc849bb0 DEOPT UNPACKING pc=0x000001e2874a66a3 sp=0x000000a5ca7fe390 mode 2
Event: 3745.824 Thread 0x000001e2fc849bb0 Uncommon trap: trap_request=0xffffff45 fr.pc=0x000001e28a1ebe2c relative=0x000000000000608c
Event: 3745.824 Thread 0x000001e2fc849bb0 Uncommon trap: reason=unstable_if action=reinterpret pc=0x000001e28a1ebe2c method=org.eclipse.jdt.internal.compiler.problem.ProblemReporter.handleSyntaxErrorOnNewTokens(IIII[CLjava/lang/String;Ljava/lang/String;)Z @ 6 c2
Event: 3745.824 Thread 0x000001e2fc849bb0 DEOPT PACKING pc=0x000001e28a1ebe2c sp=0x000000a5ca7fd8f0
Event: 3745.824 Thread 0x000001e2fc849bb0 DEOPT UNPACKING pc=0x000001e2874a66a3 sp=0x000000a5ca7fd6a0 mode 2
Event: 3747.836 Thread 0x000001e2febdcea0 Uncommon trap: trap_request=0xffffff45 fr.pc=0x000001e288c7d308 relative=0x00000000000000e8
Event: 3747.836 Thread 0x000001e2febdcea0 Uncommon trap: reason=unstable_if action=reinterpret pc=0x000001e288c7d308 method=org.eclipse.jdt.internal.compiler.parser.Parser.checkAndSetModifiers(I)V @ 43 c2
Event: 3747.836 Thread 0x000001e2febdcea0 DEOPT PACKING pc=0x000001e288c7d308 sp=0x000000a5c8afeaa0
Event: 3747.836 Thread 0x000001e2febdcea0 DEOPT UNPACKING pc=0x000001e2874a66a3 sp=0x000000a5c8afea30 mode 2
Event: 3748.437 Thread 0x000001e29f1a2200 Uncommon trap: trap_request=0xffffff45 fr.pc=0x000001e28a1d3ef4 relative=0x0000000000000314
Event: 3748.437 Thread 0x000001e29f1a2200 Uncommon trap: reason=unstable_if action=reinterpret pc=0x000001e28a1d3ef4 method=org.eclipse.jdt.internal.core.util.CommentRecorderParser.checkComment()V @ 80 c2
Event: 3748.437 Thread 0x000001e29f1a2200 DEOPT PACKING pc=0x000001e28a1d3ef4 sp=0x000000a5c62fe5e0
Event: 3748.437 Thread 0x000001e29f1a2200 DEOPT UNPACKING pc=0x000001e2874a66a3 sp=0x000000a5c62fe548 mode 2
Event: 3748.437 Thread 0x000001e29f1a2200 Uncommon trap: trap_request=0xffffff45 fr.pc=0x000001e2887c342c relative=0x00000000000001ec
Event: 3748.437 Thread 0x000001e29f1a2200 Uncommon trap: reason=unstable_if action=reinterpret pc=0x000001e2887c342c method=org.eclipse.jdt.internal.compiler.lookup.MethodScope.checkAndSetModifiersForMethod(Lorg/eclipse/jdt/internal/compiler/lookup/MethodBinding;)V @ 14 c2
Event: 3748.437 Thread 0x000001e29f1a2200 DEOPT PACKING pc=0x000001e2887c342c sp=0x000000a5c62fe570
Event: 3748.437 Thread 0x000001e29f1a2200 DEOPT UNPACKING pc=0x000001e2874a66a3 sp=0x000000a5c62fe4d8 mode 2

Classes loaded (20 events):
Event: 896.108 Loading class jdk/internal/access/JavaAWTFontAccess
Event: 896.108 Loading class jdk/internal/access/JavaAWTFontAccess done
Event: 896.108 Loading class jdk/internal/access/JavaBeansAccess
Event: 896.108 Loading class jdk/internal/access/JavaBeansAccess done
Event: 896.108 Loading class jdk/internal/access/JavaxCryptoSealedObjectAccess
Event: 896.108 Loading class jdk/internal/access/JavaxCryptoSealedObjectAccess done
Event: 896.109 Loading class java/nio/channels/DatagramChannel
Event: 896.109 Loading class java/nio/channels/MulticastChannel
Event: 896.109 Loading class java/nio/channels/MulticastChannel done
Event: 896.109 Loading class java/nio/channels/DatagramChannel done
Event: 896.118 Loading class java/util/InvalidPropertiesFormatException
Event: 896.118 Loading class java/util/InvalidPropertiesFormatException done
Event: 1550.827 Loading class java/util/DualPivotQuicksort$Sorter
Event: 1550.827 Loading class java/util/DualPivotQuicksort$Sorter done
Event: 2881.509 Loading class jdk/internal/misc/ScopedMemoryAccess$Scope$Handle
Event: 2881.510 Loading class jdk/internal/misc/ScopedMemoryAccess$Scope$Handle done
Event: 3120.797 Loading class sun/net/www/protocol/http/HttpURLConnection$10
Event: 3120.797 Loading class sun/net/www/protocol/http/HttpURLConnection$10 done
Event: 3122.150 Loading class sun/net/www/http/ChunkedInputStream
Event: 3122.150 Loading class sun/net/www/http/ChunkedInputStream done

Classes unloaded (20 events):
Event: 2000.425 Thread 0x000001e2ee985670 Unloading class 0x00000001001b1800 'java/lang/invoke/LambdaForm$MH+0x00000001001b1800'
Event: 2283.670 Thread 0x000001e2ee985670 Unloading class 0x0000000100222400 'java/lang/invoke/LambdaForm$MH+0x0000000100222400'
Event: 2283.670 Thread 0x000001e2ee985670 Unloading class 0x0000000100222000 'java/lang/invoke/LambdaForm$MH+0x0000000100222000'
Event: 2283.670 Thread 0x000001e2ee985670 Unloading class 0x0000000100221c00 'java/lang/invoke/LambdaForm$MH+0x0000000100221c00'
Event: 2371.902 Thread 0x000001e2ee985670 Unloading class 0x0000000100889800 'java/lang/invoke/LambdaForm$MH+0x0000000100889800'
Event: 2371.902 Thread 0x000001e2ee985670 Unloading class 0x000000010088a400 'java/lang/invoke/LambdaForm$MH+0x000000010088a400'
Event: 2371.902 Thread 0x000001e2ee985670 Unloading class 0x000000010088c000 'java/lang/invoke/LambdaForm$MH+0x000000010088c000'
Event: 2371.902 Thread 0x000001e2ee985670 Unloading class 0x00000001007b7400 'java/lang/invoke/LambdaForm$MH+0x00000001007b7400'
Event: 2371.902 Thread 0x000001e2ee985670 Unloading class 0x00000001009ac800 'java/lang/invoke/LambdaForm$MH+0x00000001009ac800'
Event: 2371.902 Thread 0x000001e2ee985670 Unloading class 0x00000001009ac400 'java/lang/invoke/LambdaForm$MH+0x00000001009ac400'
Event: 2470.545 Thread 0x000001e2ee985670 Unloading class 0x0000000100291800 'java/lang/invoke/LambdaForm$MH+0x0000000100291800'
Event: 2470.545 Thread 0x000001e2ee985670 Unloading class 0x0000000100291400 'java/lang/invoke/LambdaForm$MH+0x0000000100291400'
Event: 2470.545 Thread 0x000001e2ee985670 Unloading class 0x0000000100290c00 'java/lang/invoke/LambdaForm$MH+0x0000000100290c00'
Event: 3003.498 Thread 0x000001e2ee985670 Unloading class 0x0000000100221800 'java/lang/invoke/LambdaForm$MH+0x0000000100221800'
Event: 3003.498 Thread 0x000001e2ee985670 Unloading class 0x00000001001a2000 'java/lang/invoke/LambdaForm$MH+0x00000001001a2000'
Event: 3003.498 Thread 0x000001e2ee985670 Unloading class 0x00000001001a1800 'java/lang/invoke/LambdaForm$MH+0x00000001001a1800'
Event: 3003.498 Thread 0x000001e2ee985670 Unloading class 0x00000001001a1400 'java/lang/invoke/LambdaForm$MH+0x00000001001a1400'
Event: 3003.498 Thread 0x000001e2ee985670 Unloading class 0x00000001001a1000 'java/lang/invoke/LambdaForm$MH+0x00000001001a1000'
Event: 3003.498 Thread 0x000001e2ee985670 Unloading class 0x00000001001a0c00 'java/lang/invoke/LambdaForm$MH+0x00000001001a0c00'
Event: 3003.498 Thread 0x000001e2ee985670 Unloading class 0x00000001001a0400 'java/lang/invoke/LambdaForm$MH+0x00000001001a0400'

Classes redefined (0 events):
No events

Internal exceptions (20 events):
Event: 3658.575 Thread 0x000001e2fbd66d50 Exception <a 'sun/nio/fs/WindowsException'{0x00000000eb100950}> (0x00000000eb100950) 
thrown [s\src\hotspot\share\prims\jni.cpp, line 516]
Event: 3675.061 Thread 0x000001e29f1a17e0 Exception <a 'sun/nio/fs/WindowsException'{0x00000000eb064848}> (0x00000000eb064848) 
thrown [s\src\hotspot\share\prims\jni.cpp, line 516]
Event: 3684.666 Thread 0x000001e2fbd66d50 Exception <a 'sun/nio/fs/WindowsException'{0x00000000eaea32a0}> (0x00000000eaea32a0) 
thrown [s\src\hotspot\share\prims\jni.cpp, line 516]
Event: 3684.724 Thread 0x000001e2fbd66d50 Exception <a 'sun/nio/fs/WindowsException'{0x00000000eb2faa40}> (0x00000000eb2faa40) 
thrown [s\src\hotspot\share\prims\jni.cpp, line 516]
Event: 3698.139 Thread 0x000001e2fbd66d50 Exception <a 'sun/nio/fs/WindowsException'{0x00000000eaf8caa8}> (0x00000000eaf8caa8) 
thrown [s\src\hotspot\share\prims\jni.cpp, line 516]
Event: 3698.199 Thread 0x000001e2fbd66d50 Exception <a 'sun/nio/fs/WindowsException'{0x00000000eaf19ae0}> (0x00000000eaf19ae0) 
thrown [s\src\hotspot\share\prims\jni.cpp, line 516]
Event: 3704.780 Thread 0x000001e29cac8b60 Exception <a 'sun/nio/fs/WindowsException'{0x00000000eabe3850}> (0x00000000eabe3850) 
thrown [s\src\hotspot\share\prims\jni.cpp, line 516]
Event: 3704.780 Thread 0x000001e29cac8b60 Exception <a 'sun/nio/fs/WindowsException'{0x00000000eabe4378}> (0x00000000eabe4378) 
thrown [s\src\hotspot\share\prims\jni.cpp, line 516]
Event: 3704.780 Thread 0x000001e29cac8b60 Exception <a 'sun/nio/fs/WindowsException'{0x00000000eabe5658}> (0x00000000eabe5658) 
thrown [s\src\hotspot\share\prims\jni.cpp, line 516]
Event: 3704.780 Thread 0x000001e29cac8b60 Exception <a 'sun/nio/fs/WindowsException'{0x00000000eabe6160}> (0x00000000eabe6160) 
thrown [s\src\hotspot\share\prims\jni.cpp, line 516]
Event: 3704.780 Thread 0x000001e29cac8b60 Exception <a 'sun/nio/fs/WindowsException'{0x00000000eabe7ed0}> (0x00000000eabe7ed0) 
thrown [s\src\hotspot\share\prims\jni.cpp, line 516]
Event: 3704.780 Thread 0x000001e29cac8b60 Exception <a 'sun/nio/fs/WindowsException'{0x00000000eabe8730}> (0x00000000eabe8730) 
thrown [s\src\hotspot\share\prims\jni.cpp, line 516]
Event: 3704.781 Thread 0x000001e29cac8b60 Exception <a 'sun/nio/fs/WindowsException'{0x00000000eac009b8}> (0x00000000eac009b8) 
thrown [s\src\hotspot\share\prims\jni.cpp, line 516]
Event: 3704.781 Thread 0x000001e29cac8b60 Exception <a 'sun/nio/fs/WindowsException'{0x00000000eac014c0}> (0x00000000eac014c0) 
thrown [s\src\hotspot\share\prims\jni.cpp, line 516]
Event: 3749.945 Thread 0x000001e2fbd66d50 Exception <a 'sun/nio/fs/WindowsException'{0x00000000eab00558}> (0x00000000eab00558) 
thrown [s\src\hotspot\share\prims\jni.cpp, line 516]
Event: 3750.118 Thread 0x000001e2fbd66d50 Exception <a 'sun/nio/fs/WindowsException'{0x00000000eab65328}> (0x00000000eab65328) 
thrown [s\src\hotspot\share\prims\jni.cpp, line 516]
Event: 3753.705 Thread 0x000001e2fbd66d50 Exception <a 'sun/nio/fs/WindowsException'{0x00000000eab61838}> (0x00000000eab61838) 
thrown [s\src\hotspot\share\prims\jni.cpp, line 516]
Event: 3753.787 Thread 0x000001e2fbd66d50 Exception <a 'sun/nio/fs/WindowsException'{0x00000000eabfa4d0}> (0x00000000eabfa4d0) 
thrown [s\src\hotspot\share\prims\jni.cpp, line 516]
Event: 3757.427 Thread 0x000001e2fbd66d50 Exception <a 'sun/nio/fs/WindowsException'{0x00000000eab03060}> (0x00000000eab03060) 
thrown [s\src\hotspot\share\prims\jni.cpp, line 516]
Event: 3757.509 Thread 0x000001e2fbd66d50 Exception <a 'sun/nio/fs/WindowsException'{0x00000000eab9e530}> (0x00000000eab9e530) 
thrown [s\src\hotspot\share\prims\jni.cpp, line 516]

VM Operations (20 events):
Event: 3757.462 Executing VM operation: ParallelGCFailedAllocation done
Event: 3757.480 Executing VM operation: ParallelGCFailedAllocation
Event: 3757.482 Executing VM operation: ParallelGCFailedAllocation done
Event: 3757.491 Executing VM operation: ParallelGCFailedAllocation
Event: 3757.493 Executing VM operation: ParallelGCFailedAllocation done
Event: 3757.539 Executing VM operation: ParallelGCFailedAllocation
Event: 3757.541 Executing VM operation: ParallelGCFailedAllocation done
Event: 3757.556 Executing VM operation: ParallelGCFailedAllocation
Event: 3757.556 Executing VM operation: ParallelGCFailedAllocation done
Event: 3757.560 Executing VM operation: ParallelGCFailedAllocation
Event: 3757.562 Executing VM operation: ParallelGCFailedAllocation done
Event: 3757.566 Executing VM operation: ParallelGCFailedAllocation
Event: 3757.567 Executing VM operation: ParallelGCFailedAllocation done
Event: 3757.570 Executing VM operation: ParallelGCFailedAllocation
Event: 3757.571 Executing VM operation: ParallelGCFailedAllocation done
Event: 3757.574 Executing VM operation: ParallelGCFailedAllocation
Event: 3757.576 Executing VM operation: ParallelGCFailedAllocation done
Event: 3757.633 Executing VM operation: ParallelGCFailedAllocation
Event: 3757.635 Executing VM operation: ParallelGCFailedAllocation done
Event: 3757.640 Executing VM operation: ParallelGCFailedAllocation

Memory protections (0 events):
No events

Nmethod flushes (20 events):
Event: 3277.866 Thread 0x000001e2f93447b0 flushing  nmethod 0x000001e282154c90
Event: 3277.866 Thread 0x000001e2f93447b0 flushing  nmethod 0x000001e282160910
Event: 3277.867 Thread 0x000001e2f93447b0 flushing  nmethod 0x000001e2822f7790
Event: 3277.867 Thread 0x000001e2f93447b0 flushing  nmethod 0x000001e2823a1590
Event: 3277.867 Thread 0x000001e2f93447b0 flushing  nmethod 0x000001e2823a5a10
Event: 3277.867 Thread 0x000001e2f93447b0 flushing  nmethod 0x000001e2823f3510
Event: 3277.868 Thread 0x000001e2f93447b0 flushing  nmethod 0x000001e28246c390
Event: 3277.868 Thread 0x000001e2f93447b0 flushing  nmethod 0x000001e282492e90
Event: 3277.868 Thread 0x000001e2f93447b0 flushing  nmethod 0x000001e2824fc790
Event: 3277.868 Thread 0x000001e2f93447b0 flushing  nmethod 0x000001e2825d6090
Event: 3277.869 Thread 0x000001e2f93447b0 flushing  nmethod 0x000001e2827cdf10
Event: 3277.870 Thread 0x000001e2f93447b0 flushing  nmethod 0x000001e2828bc010
Event: 3277.870 Thread 0x000001e2f93447b0 flushing  nmethod 0x000001e2828d1690
Event: 3277.870 Thread 0x000001e2f93447b0 flushing  nmethod 0x000001e2828d3a10
Event: 3277.871 Thread 0x000001e2f93447b0 flushing  nmethod 0x000001e282bcfd10
Event: 3277.871 Thread 0x000001e2f93447b0 flushing  nmethod 0x000001e282bf6510
Event: 3277.872 Thread 0x000001e2f93447b0 flushing  nmethod 0x000001e282c5a110
Event: 3277.872 Thread 0x000001e2f93447b0 flushing  nmethod 0x000001e282cf2590
Event: 3277.873 Thread 0x000001e2f93447b0 flushing  nmethod 0x000001e282e62d10
Event: 3277.873 Thread 0x000001e2f93447b0 flushing  nmethod 0x000001e282ea0590

Events (20 events):
Event: 3590.227 Thread 0x000001e29f1a3b50 Thread added: 0x000001e29f1a03a0
Event: 3591.184 Thread 0x000001e29f19fe90 Thread added: 0x000001e29f1a12d0
Event: 3591.184 Thread 0x000001e29f1a03a0 Thread exited: 0x000001e29f1a03a0
Event: 3591.310 Thread 0x000001e29f1a12d0 Thread added: 0x000001e29f1a03a0
Event: 3591.310 Thread 0x000001e29f1a12d0 Thread exited: 0x000001e29f1a12d0
Event: 3615.085 Thread 0x000001e29f1a3b50 Thread exited: 0x000001e29f1a3b50
Event: 3645.087 Thread 0x000001e29f19fe90 Thread exited: 0x000001e29f19fe90
Event: 3650.857 Thread 0x000001e2fc849bb0 Thread added: 0x000001e29f19fe90
Event: 3675.090 Thread 0x000001e29f1a03a0 Thread exited: 0x000001e29f1a03a0
Event: 3704.808 Thread 0x000001e2febdd3b0 Thread added: 0x000001e29f1a12d0
Event: 3704.812 Thread 0x000001e29f1a12d0 Thread added: 0x000001e29f1a0dc0
Event: 3704.815 Thread 0x000001e29f1a0dc0 Thread added: 0x000001e29f1a03a0
Event: 3705.773 Thread 0x000001e29f1a12d0 Thread added: 0x000001e29f1a4060
Event: 3705.773 Thread 0x000001e29f1a03a0 Thread exited: 0x000001e29f1a03a0
Event: 3705.882 Thread 0x000001e29f1a4060 Thread added: 0x000001e29f1a03a0
Event: 3705.883 Thread 0x000001e29f1a4060 Thread exited: 0x000001e29f1a4060
Event: 3721.538 Thread 0x000001e29f1a0dc0 Thread exited: 0x000001e29f1a0dc0
Event: 3743.654 Thread 0x000001e29f19fe90 Thread exited: 0x000001e29f19fe90
Event: 3751.539 Thread 0x000001e29f1a12d0 Thread exited: 0x000001e29f1a12d0
Event: 3753.725 Thread 0x000001e2febdcea0 Thread added: 0x000001e29f19fe90


Dynamic libraries:
0x00007ff60dc70000 - 0x00007ff60dc7e000 	c:\Users\bllad\.vscode\extensions\redhat.java-1.37.0-win32-x64\jre\17.0.13-win32-x86_64\bin\java.exe
0x00007ffef3c40000 - 0x00007ffef3ea3000 	C:\WINDOWS\SYSTEM32\ntdll.dll
0x00007ffef1b30000 - 0x00007ffef1bf8000 	C:\WINDOWS\System32\KERNEL32.DLL
0x00007ffef1370000 - 0x00007ffef1722000 	C:\WINDOWS\System32\KERNELBASE.dll
0x00007ffef1170000 - 0x00007ffef12bb000 	C:\WINDOWS\System32\ucrtbase.dll
0x00007ffedb820000 - 0x00007ffedb837000 	c:\Users\bllad\.vscode\extensions\redhat.java-1.37.0-win32-x64\jre\17.0.13-win32-x86_64\bin\jli.dll
0x00007ffedea80000 - 0x00007ffedea9e000 	c:\Users\bllad\.vscode\extensions\redhat.java-1.37.0-win32-x64\jre\17.0.13-win32-x86_64\bin\VCRUNTIME140.dll
0x00007ffef3290000 - 0x00007ffef3458000 	C:\WINDOWS\System32\USER32.dll
0x00007ffef1010000 - 0x00007ffef1037000 	C:\WINDOWS\System32\win32u.dll
0x00007ffef2830000 - 0x00007ffef285a000 	C:\WINDOWS\System32\GDI32.dll
0x00007ffedc8c0000 - 0x00007ffedcb50000 	C:\WINDOWS\WinSxS\amd64_microsoft.windows.common-controls_6595b64144ccf1df_6.0.26100.2454_none_3e0b68a2e331ad60\COMCTL32.dll
0x00007ffef1040000 - 0x00007ffef116b000 	C:\WINDOWS\System32\gdi32full.dll
0x00007ffef20a0000 - 0x00007ffef2149000 	C:\WINDOWS\System32\msvcrt.dll
0x00007ffef12c0000 - 0x00007ffef1363000 	C:\WINDOWS\System32\msvcp_win.dll
0x00007ffef1c10000 - 0x00007ffef1c3f000 	C:\WINDOWS\System32\IMM32.DLL
0x00007ffee9970000 - 0x00007ffee997c000 	c:\Users\bllad\.vscode\extensions\redhat.java-1.37.0-win32-x64\jre\17.0.13-win32-x86_64\bin\vcruntime140_1.dll
0x00007ffeb5de0000 - 0x00007ffeb5e6d000 	c:\Users\bllad\.vscode\extensions\redhat.java-1.37.0-win32-x64\jre\17.0.13-win32-x86_64\bin\msvcp140.dll
0x00007ffe8f640000 - 0x00007ffe902ab000 	c:\Users\bllad\.vscode\extensions\redhat.java-1.37.0-win32-x64\jre\17.0.13-win32-x86_64\bin\server\jvm.dll
0x00007ffef1e20000 - 0x00007ffef1ed4000 	C:\WINDOWS\System32\ADVAPI32.dll
0x00007ffef34d0000 - 0x00007ffef3576000 	C:\WINDOWS\System32\sechost.dll
0x00007ffef2570000 - 0x00007ffef2686000 	C:\WINDOWS\System32\RPCRT4.dll
0x00007ffef1ab0000 - 0x00007ffef1b24000 	C:\WINDOWS\System32\WS2_32.dll
0x00007ffef0ce0000 - 0x00007ffef0d2e000 	C:\WINDOWS\SYSTEM32\POWRPROF.dll
0x00007ffee7910000 - 0x00007ffee7946000 	C:\WINDOWS\SYSTEM32\WINMM.dll
0x00007ffee9220000 - 0x00007ffee922b000 	C:\WINDOWS\SYSTEM32\VERSION.dll
0x00007ffef0cc0000 - 0x00007ffef0cd4000 	C:\WINDOWS\SYSTEM32\UMPDC.dll
0x00007ffeefdb0000 - 0x00007ffeefdca000 	C:\WINDOWS\SYSTEM32\kernel.appcore.dll
0x00007ffee1940000 - 0x00007ffee194a000 	c:\Users\bllad\.vscode\extensions\redhat.java-1.37.0-win32-x64\jre\17.0.13-win32-x86_64\bin\jimage.dll
0x00007ffeeea40000 - 0x00007ffeeec81000 	C:\WINDOWS\SYSTEM32\DBGHELP.DLL
0x00007ffef21e0000 - 0x00007ffef255e000 	C:\WINDOWS\System32\combase.dll
0x00007ffef1ee0000 - 0x00007ffef1fb6000 	C:\WINDOWS\System32\OLEAUT32.dll
0x00007ffecd580000 - 0x00007ffecd5b9000 	C:\WINDOWS\SYSTEM32\dbgcore.DLL
0x00007ffef18b0000 - 0x00007ffef1949000 	C:\WINDOWS\System32\bcryptPrimitives.dll
0x00007ffee0ec0000 - 0x00007ffee0ece000 	c:\Users\bllad\.vscode\extensions\redhat.java-1.37.0-win32-x64\jre\17.0.13-win32-x86_64\bin\instrument.dll
0x00007ffed16f0000 - 0x00007ffed1715000 	c:\Users\bllad\.vscode\extensions\redhat.java-1.37.0-win32-x64\jre\17.0.13-win32-x86_64\bin\java.dll
0x00007ffed7e60000 - 0x00007ffed7e78000 	c:\Users\bllad\.vscode\extensions\redhat.java-1.37.0-win32-x64\jre\17.0.13-win32-x86_64\bin\zip.dll
0x00007ffef2860000 - 0x00007ffef2f60000 	C:\WINDOWS\System32\SHELL32.dll
0x00007ffeeed40000 - 0x00007ffeef571000 	C:\WINDOWS\SYSTEM32\windows.storage.dll
0x00007ffef1fc0000 - 0x00007ffef209a000 	C:\WINDOWS\System32\SHCORE.dll
0x00007ffef3580000 - 0x00007ffef35dd000 	C:\WINDOWS\System32\shlwapi.dll
0x00007ffef0f20000 - 0x00007ffef0f4e000 	C:\WINDOWS\SYSTEM32\profapi.dll
0x00007ffed16b0000 - 0x00007ffed16c9000 	C:\Users\bllad\.vscode\extensions\redhat.java-1.37.0-win32-x64\jre\17.0.13-win32-x86_64\bin\net.dll
0x00007ffeec090000 - 0x00007ffeec1b6000 	C:\WINDOWS\SYSTEM32\WINHTTP.dll
0x00007ffef0350000 - 0x00007ffef03b8000 	C:\WINDOWS\system32\mswsock.dll
0x00007ffed07d0000 - 0x00007ffed07e6000 	C:\Users\bllad\.vscode\extensions\redhat.java-1.37.0-win32-x64\jre\17.0.13-win32-x86_64\bin\nio.dll
0x00007ffee0d10000 - 0x00007ffee0d20000 	c:\Users\bllad\.vscode\extensions\redhat.java-1.37.0-win32-x64\jre\17.0.13-win32-x86_64\bin\verify.dll
0x00007ffed04e0000 - 0x00007ffed0525000 	C:\Users\bllad\AppData\Roaming\Code\User\globalStorage\redhat.java\1.37.0\config_win\org.eclipse.equinox.launcher\org.eclipse.equinox.launcher.win32.win32.x86_64_1.2.1100.v20240722-2106\eclipse_11904.dll
0x00007ffef2690000 - 0x00007ffef2829000 	C:\WINDOWS\System32\ole32.dll
0x00007ffef05f0000 - 0x00007ffef060c000 	C:\WINDOWS\SYSTEM32\CRYPTSP.dll
0x00007ffeefdd0000 - 0x00007ffeefe08000 	C:\WINDOWS\system32\rsaenh.dll
0x00007ffef03f0000 - 0x00007ffef041b000 	C:\WINDOWS\SYSTEM32\USERENV.dll
0x00007ffef0830000 - 0x00007ffef0856000 	C:\WINDOWS\SYSTEM32\bcrypt.dll
0x00007ffef0610000 - 0x00007ffef061c000 	C:\WINDOWS\SYSTEM32\CRYPTBASE.dll
0x00007ffeef940000 - 0x00007ffeef972000 	C:\WINDOWS\SYSTEM32\IPHLPAPI.DLL
0x00007ffef3bf0000 - 0x00007ffef3bfa000 	C:\WINDOWS\System32\NSI.dll
0x00007ffeecaa0000 - 0x00007ffeecabe000 	C:\WINDOWS\SYSTEM32\dhcpcsvc6.DLL
0x00007ffeeca00000 - 0x00007ffeeca25000 	C:\WINDOWS\SYSTEM32\dhcpcsvc.DLL
0x00007ffeef980000 - 0x00007ffeefaa5000 	C:\WINDOWS\SYSTEM32\DNSAPI.dll
0x00007ffed0140000 - 0x00007ffed0189000 	C:\Users\bllad\AppData\Local\Temp\jna-93829381\jna734234068906016559.dll
0x00007ffef1aa0000 - 0x00007ffef1aa8000 	C:\WINDOWS\System32\PSAPI.DLL
0x00007ffee0930000 - 0x00007ffee093e000 	C:\Users\bllad\.vscode\extensions\redhat.java-1.37.0-win32-x64\jre\17.0.13-win32-x86_64\bin\sunmscapi.dll
0x00007ffef1730000 - 0x00007ffef18a6000 	C:\WINDOWS\System32\CRYPT32.dll
0x00007ffef07f0000 - 0x00007ffef0820000 	C:\WINDOWS\SYSTEM32\ncrypt.dll
0x00007ffef07a0000 - 0x00007ffef07df000 	C:\WINDOWS\SYSTEM32\NTASN1.dll
0x00007ffedf920000 - 0x00007ffedf929000 	C:\Users\bllad\.vscode\extensions\redhat.java-1.37.0-win32-x64\jre\17.0.13-win32-x86_64\bin\extnet.dll
0x00007ffedef10000 - 0x00007ffedef18000 	C:\WINDOWS\system32\wshunix.dll
0x00007ffeec5e0000 - 0x00007ffeec5eb000 	C:\Windows\System32\rasadhlp.dll
0x00007ffeecb60000 - 0x00007ffeecbe5000 	C:\WINDOWS\System32\fwpuclnt.dll

dbghelp: loaded successfully - version: 4.0.5 - missing functions: none
symbol engine: initialized successfully - sym options: 0x614 - pdb path: .;c:\Users\bllad\.vscode\extensions\redhat.java-1.37.0-win32-x64\jre\17.0.13-win32-x86_64\bin;C:\WINDOWS\SYSTEM32;C:\WINDOWS\WinSxS\amd64_microsoft.windows.common-controls_6595b64144ccf1df_6.0.26100.2454_none_3e0b68a2e331ad60;c:\Users\bllad\.vscode\extensions\redhat.java-1.37.0-win32-x64\jre\17.0.13-win32-x86_64\bin\server;C:\Users\bllad\AppData\Roaming\Code\User\globalStorage\redhat.java\1.37.0\config_win\org.eclipse.equinox.launcher\org.eclipse.equinox.launcher.win32.win32.x86_64_1.2.1100.v20240722-2106;C:\Users\bllad\AppData\Local\Temp\jna-93829381

VM Arguments:
jvm_args: --add-modules=ALL-SYSTEM --add-opens=java.base/java.util=ALL-UNNAMED --add-opens=java.base/java.lang=ALL-UNNAMED --add-opens=java.base/sun.nio.fs=ALL-UNNAMED -Declipse.application=org.eclipse.jdt.ls.core.id1 -Dosgi.bundles.defaultStartLevel=4 -Declipse.product=org.eclipse.jdt.ls.core.product -Djava.import.generatesMetadataFilesAtProjectRoot=false -DDetectVMInstallationsJob.disabled=true -Dfile.encoding=utf8 -XX:+UseParallelGC -XX:GCTimeRatio=4 -XX:AdaptiveSizePolicyWeight=90 -Dsun.zip.disableMemoryMapping=true -Xmx1G -Xms100m -Xlog:disable -javaagent:c:\Users\bllad\.vscode\extensions\redhat.java-1.37.0-win32-x64\lombok\lombok-1.18.34.jar -XX:+HeapDumpOnOutOfMemoryError -XX:HeapDumpPath=c:\Users\bllad\AppData\Roaming\Code\User\workspaceStorage\96c6117d1d8448c66d3231c080e715a5\redhat.java -Daether.dependencyCollector.impl=bf 
java_command: c:\Users\bllad\.vscode\extensions\redhat.java-1.37.0-win32-x64\server\plugins\org.eclipse.equinox.launcher_1.6.900.v20240613-2009.jar -configuration c:\Users\bllad\AppData\Roaming\Code\User\globalStorage\redhat.java\1.37.0\config_win -data c:\Users\bllad\AppData\Roaming\Code\User\workspaceStorage\96c6117d1d8448c66d3231c080e715a5\redhat.java\jdt_ws --pipe=\\.\pipe\lsp-87f6d00b906533ed4ac901e56ed9029b-sock
java_class_path (initial): c:\Users\bllad\.vscode\extensions\redhat.java-1.37.0-win32-x64\server\plugins\org.eclipse.equinox.launcher_1.6.900.v20240613-2009.jar
Launcher Type: SUN_STANDARD

[Global flags]
    uintx AdaptiveSizePolicyWeight                 = 90                                        {product} {command line}
     intx CICompilerCount                          = 12                                        {product} {ergonomic}
    uintx GCTimeRatio                              = 4                                         {product} {command line}
     bool HeapDumpOnOutOfMemoryError               = true                                   {manageable} {command line}
    ccstr HeapDumpPath                             = c:\Users\bllad\AppData\Roaming\Code\User\workspaceStorage\96c6117d1d8448c66d3231c080e715a5\redhat.java         {manageable} {command line}
   size_t InitialHeapSize                          = 104857600                                 {product} {command line}
   size_t MaxHeapSize                              = 1073741824                                {product} {command line}
   size_t MaxNewSize                               = 357564416                                 {product} {ergonomic}
   size_t MinHeapDeltaBytes                        = 524288                                    {product} {ergonomic}
   size_t MinHeapSize                              = 104857600                                 {product} {command line}
   size_t NewSize                                  = 34603008                                  {product} {ergonomic}
    uintx NonNMethodCodeHeapSize                   = 7602480                                {pd product} {ergonomic}
    uintx NonProfiledCodeHeapSize                  = 122027880                              {pd product} {ergonomic}
   size_t OldSize                                  = 70254592                                  {product} {ergonomic}
    uintx ProfiledCodeHeapSize                     = 122027880                              {pd product} {ergonomic}
    uintx ReservedCodeCacheSize                    = 251658240                              {pd product} {ergonomic}
     bool SegmentedCodeCache                       = true                                      {product} {ergonomic}
   size_t SoftMaxHeapSize                          = 1073741824                             {manageable} {ergonomic}
     bool UseCompressedClassPointers               = true                           {product lp64_product} {ergonomic}
     bool UseCompressedOops                        = true                           {product lp64_product} {ergonomic}
     bool UseLargePagesIndividualAllocation        = false                                  {pd product} {ergonomic}
     bool UseParallelGC                            = true                                      {product} {command line}

Logging:
Log output configuration:
 #0: stdout all=off uptime,level,tags
 #1: stderr all=off uptime,level,tags

Environment Variables:
PATH=C:\URV\bmde\msys\bin;C:\URV\bmde\devkitPro\devkitARM\bin;C:\URV\bmde\devkitPro\insight\bin;C:\Program Files\Java\jdk-22\bin;C:\Program Files\Common Files\Oracle\Java\javapath;C:\Program Files (x86)\Common Files\Oracle\Java\java8path;C:\Program Files (x86)\Common Files\Oracle\Java\javapath;C:\Python27;C:\Python27\Tools\Scripts;C:\Windows\system32;C:\Windows;C:\Windows\System32\Wbem;C:\Windows\System32\WindowsPowerShell\v1.0\;C:\Windows\System32\OpenSSH\;C:\Program Files\NVIDIA Corporation\NVIDIA NvDLISR;C:\Program Files (x86)\NVIDIA Corporation\PhysX\Common;C:\Program Files\dotnet\;C:\WINDOWS\system32;C:\WINDOWS;C:\WINDOWS\System32\Wbem;C:\WINDOWS\System32\WindowsPowerShell\v1.0\;C:\WINDOWS\System32\OpenSSH\;C:\Program Files\Git\cmd;C:\Users\bllad\AppData\Local\Microsoft\WindowsApps;C:\Users\bllad\AppData\Local\Programs\Microsoft VS Code\bin;C:\Users\bllad\.dotnet\tools;C:\MinGW\bin;C:\Users\bllad\AppData\Local\GitHubDesktop\bin;
USERNAME=bllad
OS=Windows_NT
PROCESSOR_IDENTIFIER=AMD64 Family 23 Model 96 Stepping 1, AuthenticAMD
TMP=C:\Users\bllad\AppData\Local\Temp
TEMP=C:\Users\bllad\AppData\Local\Temp



Periodic native trim disabled


---------------  S Y S T E M  ---------------

OS:
 Windows 11 , 64 bit Build 26100 (10.0.26100.2454)
OS uptime: 0 days 19:34 hours

CPU: total 16 (initial active 16) (16 cores per cpu, 2 threads per core) family 23 model 96 stepping 1 microcode 0x8600106, cx8, cmov, fxsr, ht, mmx, 3dnowpref, sse, sse2, sse3, ssse3, sse4a, sse4.1, sse4.2, popcnt, lzcnt, tsc, tscinvbit, avx, avx2, aes, clmul, bmi1, bmi2, adx, sha, fma, vzeroupper, clflush, clflushopt
Processor Information for all 16 processors :
  Max Mhz: 2901, Current Mhz: 2901, Mhz Limit: 2901

Memory: 4k page, system-wide physical 15791M (8688M free)
TotalPageFile size 16815M (AvailPageFile size 7700M)
current process WorkingSet (physical memory assigned to process): 743M, peak: 1007M
current process commit charge ("private bytes"): 614M, peak: 917M

vm_info: OpenJDK 64-Bit Server VM (17.0.13+11) for windows-amd64 JRE (17.0.13+11), built on Oct 16 2024 00:10:08 by "admin" with MS VC++ 17.7 (VS2022)

END.
