#
# A fatal error has been detected by the Java Runtime Environment:
#
#  EXCEPTION_ACCESS_VIOLATION (0xc0000005) at pc=0x00007ffe83ef9558, pid=10400, tid=18528
#
# JRE version: OpenJDK Runtime Environment Temurin-17.0.13+11 (17.0.13+11) (build 17.0.13+11)
# Java VM: OpenJDK 64-Bit Server VM Temurin-17.0.13+11 (17.0.13+11, mixed mode, tiered, compressed oops, compressed class ptrs, parallel gc, windows-amd64)
# Problematic frame:
# V  [jvm.dll+0x6b9558]
#
# No core dump will be written. Minidumps are not enabled by default on client versions of Windows
#
# If you would like to submit a bug report, please visit:
#   https://github.com/adoptium/adoptium-support/issues
#

---------------  S U M M A R Y ------------

Command Line: --add-modules=ALL-SYSTEM --add-opens=java.base/java.util=ALL-UNNAMED --add-opens=java.base/java.lang=ALL-UNNAMED --add-opens=java.base/sun.nio.fs=ALL-UNNAMED -Declipse.application=org.eclipse.jdt.ls.core.id1 -Dosgi.bundles.defaultStartLevel=4 -Declipse.product=org.eclipse.jdt.ls.core.product -Djava.import.generatesMetadataFilesAtProjectRoot=false -DDetectVMInstallationsJob.disabled=true -Dfile.encoding=utf8 -XX:+UseParallelGC -XX:GCTimeRatio=4 -XX:AdaptiveSizePolicyWeight=90 -Dsun.zip.disableMemoryMapping=true -Xmx1G -Xms100m -Xlog:disable -javaagent:c:\Users\bllad\.vscode\extensions\redhat.java-1.37.0-win32-x64\lombok\lombok-1.18.34.jar -XX:+HeapDumpOnOutOfMemoryError -XX:HeapDumpPath=c:\Users\bllad\AppData\Roaming\Code\User\workspaceStorage\96c6117d1d8448c66d3231c080e715a5\redhat.java -Daether.dependencyCollector.impl=bf c:\Users\bllad\.vscode\extensions\redhat.java-1.37.0-win32-x64\server\plugins\org.eclipse.equinox.launcher_1.6.900.v20240613-2009.jar -configuration c:\Users\bllad\AppData\Roaming\Code\User\globalStorage\redhat.java\1.37.0\config_win -data c:\Users\bllad\AppData\Roaming\Code\User\workspaceStorage\96c6117d1d8448c66d3231c080e715a5\redhat.java\jdt_ws --pipe=\\.\pipe\lsp-86ee713b46ad2e4fd31e6385d7bee785-sock

Host: AMD Ryzen 7 4800H with Radeon Graphics         , 16 cores, 15G,  Windows 11 , 64 bit Build 26100 (10.0.26100.2454)
Time: Tue Dec 10 11:48:48 2024 Hora estándar romance elapsed time: 4204.346285 seconds (0d 1h 10m 4s)

---------------  T H R E A D  ---------------

Current thread (0x000001274838bb40):  GCTaskThread "GC Thread#10" [stack: 0x0000001f43400000,0x0000001f43500000] [id=18528]

Stack: [0x0000001f43400000,0x0000001f43500000],  sp=0x0000001f434ff8d8,  free space=1022k
Native frames: (J=compiled Java code, j=interpreted, Vv=VM code, C=native code)
V  [jvm.dll+0x6b9558]
V  [jvm.dll+0x6b6f7d]
V  [jvm.dll+0x6b4702]
V  [jvm.dll+0x6b4f7e]
V  [jvm.dll+0x6b67a4]
V  [jvm.dll+0x6baca8]
V  [jvm.dll+0x7ed2b2]
V  [jvm.dll+0x6bea1d]
V  [jvm.dll+0x86725b]
V  [jvm.dll+0x8672a6]
V  [jvm.dll+0x7e8ffc]
V  [jvm.dll+0x6818f7]
C  [ucrtbase.dll+0x14ea0]
C  [KERNEL32.DLL+0x2e8d7]
C  [ntdll.dll+0xdfbcc]


siginfo: EXCEPTION_ACCESS_VIOLATION (0xc0000005), writing address 0x000001272bd11010


Registers:
RAX=0x0000000000021020, RBX=0x000001272bcf0000, RCX=0x000001272bcf0000, RDX=0x000000000126f36f
RSP=0x0000001f434ff8d8, RBP=0x0000001f434ff9d0, RSI=0x00000000c28607bc, RDI=0x0000000000000004
R8 =0x0000000000001950, R9 =0x00007ffe843e6980, R10=0x00000000c513b0a8, R11=0x00000000012700a2
R12=0x00007ffe84375840, R13=0x0000000000000000, R14=0x0000000100060830, R15=0x00000000c28607a0
RIP=0x00007ffe83ef9558, EFLAGS=0x0000000000010216


Register to memory mapping:

RIP=0x00007ffe83ef9558 jvm.dll
RAX=0x0000000000021020 is an unknown value
RBX=0x000001272bcf0000 points into unknown readable memory: 0x0000000000000000 | 00 00 00 00 00 00 00 00
RCX=0x000001272bcf0000 points into unknown readable memory: 0x0000000000000000 | 00 00 00 00 00 00 00 00
RDX=0x000000000126f36f is an unknown value
RSP=0x0000001f434ff8d8 points into unknown readable memory: 0x00007ffe83ef6f7d | 7d 6f ef 83 fe 7f 00 00
RBP=0x0000001f434ff9d0 points into unknown readable memory: 0x00007ffe841f6448 | 48 64 1f 84 fe 7f 00 00
RSI=0x00000000c28607bc is pointing into object: java.util.HashMap$Node 
{0x00000000c28607a0} - klass: 'java/util/HashMap$Node'
 - ---- fields (total size 4 words):
 - final 'hash' 'I' @12  1018614286 (3cb6d20e)
 - final 'key' 'Ljava/lang/Object;' @16  "org.eclipse.debug.core.sourcelookup"{0x00000000c28607c0} (c28607c0)
 - 'value' 'Ljava/lang/Object;' @20  a 'org/eclipse/osgi/internal/loader/sources/NullPackageSource'{0x00000000c285d188} (c285d188)
 - 'next' 'Ljava/util/HashMap$Node;' @24  a 'java/util/HashMap$Node'{0x00000000c513b0a8} (c513b0a8)
RDI=0x0000000000000004 is an unknown value
R8 =0x0000000000001950 is an unknown value
R9 =0x00007ffe843e6980 jvm.dll
R10=0x00000000c513b0a8 is an oop: java.util.HashMap$Node 
{0x00000000c513b0a8} - klass: 'java/util/HashMap$Node'
 - ---- fields (total size 4 words):
 - final 'hash' 'I' @12  -145975794 (f74c960e)
 - final 'key' 'Ljava/lang/Object;' @16  "SCL.lombok.org.eclipse.jdt.internal.compiler.env"{0x00000000c513b0c8} (c513b0c8)
 - 'value' 'Ljava/lang/Object;' @20  a 'org/eclipse/osgi/internal/loader/sources/NullPackageSource'{0x00000000c513b120} (c513b120)
 - 'next' 'Ljava/util/HashMap$Node;' @24  NULL (0)
R11=0x00000000012700a2 is an unknown value
R12=0x00007ffe84375840 jvm.dll
R13=0x0 is NULL
R14=0x0000000100060830 is a pointer to class: 
R15=0x00000000c28607a0 is an oop: java.util.HashMap$Node 
{0x00000000c28607a0} - klass: 'java/util/HashMap$Node'
 - ---- fields (total size 4 words):
 - final 'hash' 'I' @12  1018614286 (3cb6d20e)
 - final 'key' 'Ljava/lang/Object;' @16  "org.eclipse.debug.core.sourcelookup"{0x00000000c28607c0} (c28607c0)
 - 'value' 'Ljava/lang/Object;' @20  a 'org/eclipse/osgi/internal/loader/sources/NullPackageSource'{0x00000000c285d188} (c285d188)
 - 'next' 'Ljava/util/HashMap$Node;' @24  a 'java/util/HashMap$Node'{0x00000000c513b0a8} (c513b0a8)


Top of Stack: (sp=0x0000001f434ff8d8)
0x0000001f434ff8d8:   00007ffe83ef6f7d 00000000c513b0a8
0x0000001f434ff8e8:   00007ffe00000003 0000001f434ff9d0
0x0000001f434ff8f8:   00007ffe83ef5c49 00000127404279c0
0x0000001f434ff908:   00007ffe83ef4702 00000000c513b0a8
0x0000001f434ff918:   00007ffe83ef6f7d 00000000c08482a8
0x0000001f434ff928:   0000000000000004 0000000100060828
0x0000001f434ff938:   00007ffe83ef4f7e 00000000c28607b8
0x0000001f434ff948:   00007ffe83ef6494 00000000c2332098
0x0000001f434ff958:   00007ffe84375840 00007ffe84160b90
0x0000001f434ff968:   00007ffe841f6448 000000000001805f
0x0000001f434ff978:   00007ffe83ef67a4 0000000000000010
0x0000001f434ff988:   00000127404279c0 000000000000000c
0x0000001f434ff998:   0000000000000000 0000000000000000
0x0000001f434ff9a8:   0000000000000000 0000000000000000
0x0000001f434ff9b8:   0000000000000000 00000127481e56f0
0x0000001f434ff9c8:   00007ffe84020001 00007ffe841f6448
0x0000001f434ff9d8:   000001272c617ee0 0000f82f00000003
0x0000001f434ff9e8:   00000127404279c0 0000000000000000
0x0000001f434ff9f8:   0000000000000000 00000127481e56f0
0x0000001f434ffa08:   00000127478d29c8 0000001f434ffb40
0x0000001f434ffa18:   00000000000003d8 00000127458b50a0
0x0000001f434ffa28:   00000127478d25f0 00000127478d25e0
0x0000001f434ffa38:   00007ffe83efaca8 00000127404279c0
0x0000001f434ffa48:   0009075a00017dd5 00000127478d25f0
0x0000001f434ffa58:   00000127404279c0 00007ffe841f6c38
0x0000001f434ffa68:   00000127404279c0 00007ffe84199af0
0x0000001f434ffa78:   0000001f434ffa60 0000001f434ffb00
0x0000001f434ffa88:   00007ffe8408d5ac 0000000000000005
0x0000001f434ffa98:   0000001f413fed50 00007ffe841f6c38
0x0000001f434ffaa8:   0000001f413fec10 00000000000037e4
0x0000001f434ffab8:   00007ffe8402d2b2 000001274f6b1818
0x0000001f434ffac8:   000001274f6b1a18 0000001f434ffb40 

Instructions: (pc=0x00007ffe83ef9558)
0x00007ffe83ef9458:   d7 2f 00 48 89 03 4c 8b 05 1b d5 4e 00 4d 03 c1
0x00007ffe83ef9468:   4c 89 43 28 33 c0 66 90 48 8b 11 4c 39 42 28 77
0x00007ffe83ef9478:   06 4c 3b 42 38 72 10 ff c0 48 83 c1 58 83 f8 04
0x00007ffe83ef9488:   72 e6 b8 04 00 00 00 48 8b 7c 24 18 48 63 c8 48
0x00007ffe83ef9498:   6b c1 58 48 8b 44 28 20 48 8b 6c 24 10 48 89 43
0x00007ffe83ef94a8:   30 48 8b c3 48 c7 43 38 00 00 00 00 48 8b 5c 24
0x00007ffe83ef94b8:   08 c3 cc cc cc cc cc cc 48 89 5c 24 08 48 89 7c
0x00007ffe83ef94c8:   24 10 48 8b 59 18 4d 8d 58 ff 48 8b c2 4c 8b d2
0x00007ffe83ef94d8:   48 2b 01 49 8b f8 48 c1 e8 03 4c 8b c9 4c 03 d8
0x00007ffe83ef94e8:   48 8b d0 48 c1 ea 10 49 c1 eb 10 48 8d 04 92 4c
0x00007ffe83ef94f8:   8d 04 c5 00 00 00 00 49 3b d3 75 11 f0 41 01 7c
0x00007ffe83ef9508:   18 1c 48 8b 5c 24 08 48 8b 7c 24 10 c3 49 8b c2
0x00007ffe83ef9518:   48 c1 e8 03 0f b7 c8 b8 00 00 01 00 2b c1 f0 41
0x00007ffe83ef9528:   01 44 18 1c 48 8d 4a 01 49 3b cb 73 3a 48 8d 04
0x00007ffe83ef9538:   89 49 8b d3 48 c1 e0 03 48 2b d1 0f 1f 40 00 66
0x00007ffe83ef9548:   0f 1f 84 00 00 00 00 00 49 8b 49 18 48 8d 40 28
0x00007ffe83ef9558:   c7 44 01 f0 00 00 01 00 49 8b 49 18 4c 89 54 01
0x00007ffe83ef9568:   e8 48 83 ea 01 75 e1 48 8b 5c 24 08 4b 8d 04 9b
0x00007ffe83ef9578:   48 8d 14 c5 00 00 00 00 48 8d 47 ff 48 8b 7c 24
0x00007ffe83ef9588:   10 49 8d 04 c2 48 c1 e8 03 0f b7 c8 49 8b 41 18
0x00007ffe83ef9598:   ff c1 89 4c 10 18 49 8b 41 18 4c 89 54 10 10 c3
0x00007ffe83ef95a8:   cc cc cc cc cc cc cc cc 4c 89 44 24 18 55 57 41
0x00007ffe83ef95b8:   55 41 56 41 57 48 83 ec 40 48 8b c2 bf 00 00 01
0x00007ffe83ef95c8:   00 48 2b 01 4d 8b d0 48 c1 e8 13 48 8b ea 4c 8b
0x00007ffe83ef95d8:   e9 4c 8d 0c 80 48 8b 41 18 4e 8b 34 c8 4e 8d 3c
0x00007ffe83ef95e8:   c8 46 8b 4c c8 1c 41 8b 47 18 41 81 e1 ff ff ff
0x00007ffe83ef95f8:   07 4c 03 c8 4c 89 bc 24 88 00 00 00 4c 89 74 24
0x00007ffe83ef9608:   70 4c 3b cf 75 18 48 c1 ed 03 0f b7 c5 49 8d 04
0x00007ffe83ef9618:   c6 48 83 c4 40 41 5f 41 5e 41 5d 5f 5d c3 41 0f
0x00007ffe83ef9628:   b6 47 20 90 48 89 5c 24 38 84 c0 0f 85 13 01 00
0x00007ffe83ef9638:   00 48 2b 11 48 8b 05 55 d3 4e 00 48 c1 ea 13 48
0x00007ffe83ef9648:   89 74 24 30 48 8d 0c 92 8b 74 c8 18 48 3b f7 0f 


Stack slot to memory mapping:
stack at sp + 0 slots: 0x00007ffe83ef6f7d jvm.dll
stack at sp + 1 slots: 0x00000000c513b0a8 is an oop: java.util.HashMap$Node 
{0x00000000c513b0a8} - klass: 'java/util/HashMap$Node'
 - ---- fields (total size 4 words):
 - final 'hash' 'I' @12  -145975794 (f74c960e)
 - final 'key' 'Ljava/lang/Object;' @16  "SCL.lombok.org.eclipse.jdt.internal.compiler.env"{0x00000000c513b0c8} (c513b0c8)
 - 'value' 'Ljava/lang/Object;' @20  a 'org/eclipse/osgi/internal/loader/sources/NullPackageSource'{0x00000000c513b120} (c513b120)
 - 'next' 'Ljava/util/HashMap$Node;' @24  NULL (0)
stack at sp + 2 slots: 0x00007ffe00000003 is an unknown value
stack at sp + 3 slots: 0x0000001f434ff9d0 points into unknown readable memory: 0x00007ffe841f6448 | 48 64 1f 84 fe 7f 00 00
stack at sp + 4 slots: 0x00007ffe83ef5c49 jvm.dll
stack at sp + 5 slots: 0x00000127404279c0 points into unknown readable memory: 0x000001272a220150 | 50 01 22 2a 27 01 00 00
stack at sp + 6 slots: 0x00007ffe83ef4702 jvm.dll
stack at sp + 7 slots: 0x00000000c513b0a8 is an oop: java.util.HashMap$Node 
{0x00000000c513b0a8} - klass: 'java/util/HashMap$Node'
 - ---- fields (total size 4 words):
 - final 'hash' 'I' @12  -145975794 (f74c960e)
 - final 'key' 'Ljava/lang/Object;' @16  "SCL.lombok.org.eclipse.jdt.internal.compiler.env"{0x00000000c513b0c8} (c513b0c8)
 - 'value' 'Ljava/lang/Object;' @20  a 'org/eclipse/osgi/internal/loader/sources/NullPackageSource'{0x00000000c513b120} (c513b120)
 - 'next' 'Ljava/util/HashMap$Node;' @24  NULL (0)


---------------  P R O C E S S  ---------------

Threads class SMR info:
_java_thread_list=0x0000012748d44990, length=79, elements={
0x000001272c5fdcd0, 0x000001272c6a9fb0, 0x000001272c6ac1b0, 0x000001274048e280,
0x000001274567d010, 0x000001274567d8e0, 0x000001274567e2b0, 0x0000012745681b80,
0x0000012745687590, 0x0000012745689750, 0x000001272c662560, 0x0000012747940e00,
0x00000127481f1db0, 0x0000012745805980, 0x00000127481e80c0, 0x00000127481e56f0,
0x0000012747cac7f0, 0x000001274838f660, 0x000001274838dd10, 0x000001274838beb0,
0x000001274838cde0, 0x000001274838e220, 0x000001274838d2f0, 0x000001274838d800,
0x000001274838ec40, 0x00000127498a0ad0, 0x00000127498a3350, 0x00000127498a3860,
0x00000127498a00b0, 0x00000127498a1a00, 0x00000127498a14f0, 0x00000127498a3d70,
0x00000127498a05c0, 0x00000127498a2930, 0x00000127498a2e40, 0x00000127498a2420,
0x00000127498a4280, 0x00000127498a0fe0, 0x00000127498a4790, 0x00000127498a1f10,
0x00000127498a7a30, 0x000001274838c3c0, 0x000001275a5e4340, 0x000001275a5e4850,
0x000001275a5e4d60, 0x000001275a5e2f00, 0x000001275a5e1fd0, 0x000001275a5e3920,
0x000001275a5e5270, 0x000001275a5e5c90, 0x000001275a5e29f0, 0x000001275a5e6bc0,
0x000001275a5e8510, 0x000001275a5e8f30, 0x000001275a5e5780, 0x000001275a5e3410,
0x0000012751383c30, 0x000001275138a170, 0x0000012751389c60, 0x000001275b6b1f90,
0x000001275b6aecf0, 0x000001275b6ad8b0, 0x000001275b6ad3a0, 0x000001275b6ab540,
0x000001275b6b1a80, 0x000001275b6b29b0, 0x0000012751384140, 0x0000012751384650,
0x00000127513869c0, 0x0000012751385580, 0x000001275138ab90, 0x000001275138b0a0,
0x000001274c973fc0, 0x000001274c972160, 0x000001274c970810, 0x000001274c9744d0,
0x000001274c9749e0, 0x000001274c975400, 0x00000127498a4ca0
}

Java Threads: ( => current thread )
  0x000001272c5fdcd0 JavaThread "main" [_thread_blocked, id=14180, stack(0x0000001f41100000,0x0000001f41200000)]
  0x000001272c6a9fb0 JavaThread "Reference Handler" daemon [_thread_blocked, id=16724, stack(0x0000001f41400000,0x0000001f41500000)]
  0x000001272c6ac1b0 JavaThread "Finalizer" daemon [_thread_blocked, id=17792, stack(0x0000001f41500000,0x0000001f41600000)]
  0x000001274048e280 JavaThread "Signal Dispatcher" daemon [_thread_blocked, id=17724, stack(0x0000001f41600000,0x0000001f41700000)]
  0x000001274567d010 JavaThread "Attach Listener" daemon [_thread_blocked, id=13244, stack(0x0000001f41700000,0x0000001f41800000)]
  0x000001274567d8e0 JavaThread "Service Thread" daemon [_thread_blocked, id=6828, stack(0x0000001f41800000,0x0000001f41900000)]
  0x000001274567e2b0 JavaThread "Monitor Deflation Thread" daemon [_thread_blocked, id=9556, stack(0x0000001f41900000,0x0000001f41a00000)]
  0x0000012745681b80 JavaThread "C2 CompilerThread0" daemon [_thread_blocked, id=15924, stack(0x0000001f41a00000,0x0000001f41b00000)]
  0x0000012745687590 JavaThread "C1 CompilerThread0" daemon [_thread_blocked, id=10712, stack(0x0000001f41b00000,0x0000001f41c00000)]
  0x0000012745689750 JavaThread "Sweeper thread" daemon [_thread_blocked, id=6168, stack(0x0000001f41c00000,0x0000001f41d00000)]
  0x000001272c662560 JavaThread "Common-Cleaner" daemon [_thread_blocked, id=3744, stack(0x0000001f41d00000,0x0000001f41e00000)]
  0x0000012747940e00 JavaThread "Notification Thread" daemon [_thread_blocked, id=18116, stack(0x0000001f42300000,0x0000001f42400000)]
  0x00000127481f1db0 JavaThread "Active Thread: Equinox Container: 78351629-998a-4e19-ad58-a780cf5e21d2" [_thread_blocked, id=16768, stack(0x0000001f42a00000,0x0000001f42b00000)]
  0x0000012745805980 JavaThread "Refresh Thread: Equinox Container: 78351629-998a-4e19-ad58-a780cf5e21d2" daemon [_thread_blocked, id=8756, stack(0x0000001f41e00000,0x0000001f41f00000)]
  0x00000127481e80c0 JavaThread "Framework Event Dispatcher: Equinox Container: 78351629-998a-4e19-ad58-a780cf5e21d2" daemon [_thread_blocked, id=13104, stack(0x0000001f42100000,0x0000001f42200000)]
  0x00000127481e56f0 JavaThread "Start Level: Equinox Container: 78351629-998a-4e19-ad58-a780cf5e21d2" daemon [_thread_blocked, id=13440, stack(0x0000001f42200000,0x0000001f42300000)]
  0x0000012747cac7f0 JavaThread "Bundle File Closer" daemon [_thread_blocked, id=16812, stack(0x0000001f42c00000,0x0000001f42d00000)]
  0x000001274838f660 JavaThread "SCR Component Actor" daemon [_thread_blocked, id=18504, stack(0x0000001f42e00000,0x0000001f42f00000)]
  0x000001274838dd10 JavaThread "Worker-JM" [_thread_blocked, id=18536, stack(0x0000001f43600000,0x0000001f43700000)]
  0x000001274838beb0 JavaThread "JNA Cleaner" daemon [_thread_blocked, id=18540, stack(0x0000001f43700000,0x0000001f43800000)]
  0x000001274838cde0 JavaThread "Java indexing" daemon [_thread_blocked, id=18564, stack(0x0000001f43d00000,0x0000001f43e00000)]
  0x000001274838e220 JavaThread "Thread-2" daemon [_thread_in_native, id=18580, stack(0x0000001f44100000,0x0000001f44200000)]
  0x000001274838d2f0 JavaThread "Thread-3" daemon [_thread_in_native, id=18584, stack(0x0000001f44200000,0x0000001f44300000)]
  0x000001274838d800 JavaThread "Thread-4" daemon [_thread_in_native, id=18588, stack(0x0000001f44300000,0x0000001f44400000)]
  0x000001274838ec40 JavaThread "Thread-5" daemon [_thread_in_native, id=18592, stack(0x0000001f44400000,0x0000001f44500000)]
  0x00000127498a0ad0 JavaThread "Thread-6" daemon [_thread_in_native, id=18596, stack(0x0000001f44500000,0x0000001f44600000)]
  0x00000127498a3350 JavaThread "Thread-7" daemon [_thread_in_native, id=18600, stack(0x0000001f44600000,0x0000001f44700000)]
  0x00000127498a3860 JavaThread "Thread-8" daemon [_thread_in_native, id=18604, stack(0x0000001f44700000,0x0000001f44800000)]
  0x00000127498a00b0 JavaThread "Thread-9" daemon [_thread_in_native, id=18608, stack(0x0000001f44800000,0x0000001f44900000)]
  0x00000127498a1a00 JavaThread "Thread-10" daemon [_thread_in_native, id=18612, stack(0x0000001f44900000,0x0000001f44a00000)]
  0x00000127498a14f0 JavaThread "Thread-11" daemon [_thread_in_native, id=18616, stack(0x0000001f44a00000,0x0000001f44b00000)]
  0x00000127498a3d70 JavaThread "Thread-12" daemon [_thread_in_native, id=18620, stack(0x0000001f44b00000,0x0000001f44c00000)]
  0x00000127498a05c0 JavaThread "Thread-13" daemon [_thread_in_native, id=18624, stack(0x0000001f44c00000,0x0000001f44d00000)]
  0x00000127498a2930 JavaThread "Thread-14" daemon [_thread_in_native, id=18628, stack(0x0000001f44d00000,0x0000001f44e00000)]
  0x00000127498a2e40 JavaThread "Thread-15" daemon [_thread_in_native, id=18632, stack(0x0000001f44e00000,0x0000001f44f00000)]
  0x00000127498a2420 JavaThread "Thread-16" daemon [_thread_in_native, id=18636, stack(0x0000001f44f00000,0x0000001f45000000)]
  0x00000127498a4280 JavaThread "Thread-17" daemon [_thread_in_native, id=18640, stack(0x0000001f45000000,0x0000001f45100000)]
  0x00000127498a0fe0 JavaThread "Thread-18" daemon [_thread_in_native, id=18644, stack(0x0000001f45100000,0x0000001f45200000)]
  0x00000127498a4790 JavaThread "pool-2-thread-1" [_thread_blocked, id=18648, stack(0x0000001f45200000,0x0000001f45300000)]
  0x00000127498a1f10 JavaThread "WorkspaceEventsHandler" [_thread_blocked, id=18656, stack(0x0000001f45400000,0x0000001f45500000)]
  0x00000127498a7a30 JavaThread "pool-1-thread-1" [_thread_blocked, id=18660, stack(0x0000001f45500000,0x0000001f45600000)]
  0x000001274838c3c0 JavaThread "ForkJoinPool.commonPool-worker-1" daemon [_thread_blocked, id=19192, stack(0x0000001f42f00000,0x0000001f43000000)]
  0x000001275a5e4340 JavaThread "ForkJoinPool.commonPool-worker-2" daemon [_thread_blocked, id=19232, stack(0x0000001f48d00000,0x0000001f48e00000)]
  0x000001275a5e4850 JavaThread "ForkJoinPool.commonPool-worker-3" daemon [_thread_blocked, id=19300, stack(0x0000001f48f00000,0x0000001f49000000)]
  0x000001275a5e4d60 JavaThread "ForkJoinPool.commonPool-worker-4" daemon [_thread_blocked, id=19304, stack(0x0000001f49000000,0x0000001f49100000)]
  0x000001275a5e2f00 JavaThread "ForkJoinPool.commonPool-worker-5" daemon [_thread_blocked, id=19308, stack(0x0000001f49100000,0x0000001f49200000)]
  0x000001275a5e1fd0 JavaThread "ForkJoinPool.commonPool-worker-6" daemon [_thread_blocked, id=19312, stack(0x0000001f49200000,0x0000001f49300000)]
  0x000001275a5e3920 JavaThread "ForkJoinPool.commonPool-worker-7" daemon [_thread_blocked, id=19316, stack(0x0000001f49300000,0x0000001f49400000)]
  0x000001275a5e5270 JavaThread "ForkJoinPool.commonPool-worker-8" daemon [_thread_blocked, id=19320, stack(0x0000001f49400000,0x0000001f49500000)]
  0x000001275a5e5c90 JavaThread "ForkJoinPool.commonPool-worker-9" daemon [_thread_blocked, id=19324, stack(0x0000001f49500000,0x0000001f49600000)]
  0x000001275a5e29f0 JavaThread "ForkJoinPool.commonPool-worker-10" daemon [_thread_blocked, id=18456, stack(0x0000001f49600000,0x0000001f49700000)]
  0x000001275a5e6bc0 JavaThread "Cleaner-0" daemon [_thread_blocked, id=18448, stack(0x0000001f45a00000,0x0000001f45b00000)]
  0x000001275a5e8510 JavaThread "ForkJoinPool.commonPool-worker-12" daemon [_thread_blocked, id=11212, stack(0x0000001f43300000,0x0000001f43400000)]
  0x000001275a5e8f30 JavaThread "ForkJoinPool.commonPool-worker-13" daemon [_thread_blocked, id=19264, stack(0x0000001f43200000,0x0000001f43300000)]
  0x000001275a5e5780 JavaThread "ForkJoinPool.commonPool-worker-16" daemon [_thread_blocked, id=16244, stack(0x0000001f40e00000,0x0000001f40f00000)]
  0x000001275a5e3410 JavaThread "ForkJoinPool.commonPool-worker-17" daemon [_thread_blocked, id=17136, stack(0x0000001f43c00000,0x0000001f43d00000)]
  0x0000012751383c30 JavaThread "Java Debug Server" daemon [_thread_in_native, id=19296, stack(0x0000001f45e00000,0x0000001f45f00000)]
  0x000001275138a170 JavaThread "RxSchedulerPurge-1" daemon [_thread_blocked, id=15032, stack(0x0000001f46200000,0x0000001f46300000)]
  0x0000012751389c60 JavaThread "RxCachedWorkerPoolEvictor-1" daemon [_thread_blocked, id=14876, stack(0x0000001f46300000,0x0000001f46400000)]
  0x000001275b6b1f90 JavaThread "Worker-13" [_thread_blocked, id=3668, stack(0x0000001f46700000,0x0000001f46800000)]
  0x000001275b6aecf0 JavaThread "ForkJoinPool.commonPool-worker-18" daemon [_thread_blocked, id=17984, stack(0x0000001f44000000,0x0000001f44100000)]
  0x000001275b6ad8b0 JavaThread "Worker-16" [_thread_blocked, id=2660, stack(0x0000001f43100000,0x0000001f43200000)]
  0x000001275b6ad3a0 JavaThread "Worker-17" [_thread_blocked, id=9256, stack(0x0000001f41000000,0x0000001f41100000)]
  0x000001275b6ab540 JavaThread "Compiler Source File Reader" daemon [_thread_blocked, id=12456, stack(0x0000001f43b00000,0x0000001f43c00000)]
  0x000001275b6b1a80 JavaThread "Compiler Source File Reader" daemon [_thread_blocked, id=22704, stack(0x0000001f43f00000,0x0000001f44000000)]
  0x000001275b6b29b0 JavaThread "Compiler Source File Reader" daemon [_thread_blocked, id=9160, stack(0x0000001f45600000,0x0000001f45700000)]
  0x0000012751384140 JavaThread "Compiler Source File Reader" daemon [_thread_blocked, id=5700, stack(0x0000001f45800000,0x0000001f45900000)]
  0x0000012751384650 JavaThread "Compiler Source File Reader" daemon [_thread_blocked, id=24520, stack(0x0000001f45700000,0x0000001f45800000)]
  0x00000127513869c0 JavaThread "Compiler Source File Reader" daemon [_thread_blocked, id=24480, stack(0x0000001f45f00000,0x0000001f46000000)]
  0x0000012751385580 JavaThread "Compiler Source File Reader" daemon [_thread_blocked, id=24516, stack(0x0000001f46100000,0x0000001f46200000)]
  0x000001275138ab90 JavaThread "Compiler Source File Reader" daemon [_thread_blocked, id=21340, stack(0x0000001f46400000,0x0000001f46500000)]
  0x000001275138b0a0 JavaThread "Compiler Source File Reader" daemon [_thread_blocked, id=23580, stack(0x0000001f46500000,0x0000001f46600000)]
  0x000001274c973fc0 JavaThread "Worker-18" [_thread_blocked, id=16504, stack(0x0000001f45b00000,0x0000001f45c00000)]
  0x000001274c972160 JavaThread "Compiler Source File Reader" daemon [_thread_blocked, id=19740, stack(0x0000001f43800000,0x0000001f43900000)]
  0x000001274c970810 JavaThread "Compiler Source File Reader" daemon [_thread_blocked, id=11880, stack(0x0000001f45d00000,0x0000001f45e00000)]
  0x000001274c9744d0 JavaThread "Compiler Source File Reader" daemon [_thread_blocked, id=17840, stack(0x0000001f46000000,0x0000001f46100000)]
  0x000001274c9749e0 JavaThread "Compiler Source File Reader" daemon [_thread_blocked, id=18764, stack(0x0000001f46600000,0x0000001f46700000)]
  0x000001274c975400 JavaThread "Compiler Source File Reader" daemon [_thread_blocked, id=20612, stack(0x0000001f46800000,0x0000001f46900000)]
  0x00000127498a4ca0 JavaThread "Worker-19" [_thread_blocked, id=8784, stack(0x0000001f40f00000,0x0000001f41000000)]

Other Threads:
  0x0000012740472100 VMThread "VM Thread" [stack: 0x0000001f41300000,0x0000001f41400000] [id=4616]
  0x00000127479412e0 WatcherThread [stack: 0x0000001f42400000,0x0000001f42500000] [id=15836]
  0x000001272c613730 GCTaskThread "GC Thread#0" [stack: 0x0000001f41200000,0x0000001f41300000] [id=3336]
  0x0000012747fdb830 GCTaskThread "GC Thread#1" [stack: 0x0000001f42500000,0x0000001f42600000] [id=17484]
  0x0000012747fdbd00 GCTaskThread "GC Thread#2" [stack: 0x0000001f42600000,0x0000001f42700000] [id=17860]
  0x0000012747fdbfc0 GCTaskThread "GC Thread#3" [stack: 0x0000001f42700000,0x0000001f42800000] [id=2736]
  0x0000012747c85580 GCTaskThread "GC Thread#4" [stack: 0x0000001f42800000,0x0000001f42900000] [id=9380]
  0x0000012747dd4990 GCTaskThread "GC Thread#5" [stack: 0x0000001f42900000,0x0000001f42a00000] [id=12184]
  0x00000127481a6010 GCTaskThread "GC Thread#6" [stack: 0x0000001f41f00000,0x0000001f42000000] [id=13700]
  0x00000127481a6830 GCTaskThread "GC Thread#7" [stack: 0x0000001f42000000,0x0000001f42100000] [id=17504]
  0x00000127482becf0 GCTaskThread "GC Thread#8" [stack: 0x0000001f42b00000,0x0000001f42c00000] [id=18480]
  0x00000127485a9460 GCTaskThread "GC Thread#9" [stack: 0x0000001f42d00000,0x0000001f42e00000] [id=18484]
=>0x000001274838bb40 GCTaskThread "GC Thread#10" [stack: 0x0000001f43400000,0x0000001f43500000] [id=18528]
  0x000001274843fc00 GCTaskThread "GC Thread#11" [stack: 0x0000001f43500000,0x0000001f43600000] [id=18532]
  0x0000012747eaed50 GCTaskThread "GC Thread#12" [stack: 0x0000001f43a00000,0x0000001f43b00000] [id=18552]

Threads with active compile tasks:

VM state: at safepoint (normal execution)

VM Mutex/Monitor currently owned by a thread:  ([mutex/lock_event])
[0x000001272c5faeb0] Threads_lock - owner thread: 0x0000012740472100
[0x000001272c5fa1c0] Heap_lock - owner thread: 0x000001275a5e3920

Heap address: 0x00000000c0000000, size: 1024 MB, Compressed Oops mode: 32-bit

CDS archive(s) not mapped
Compressed class space mapped at: 0x0000000100000000-0x0000000140000000, reserved size: 1073741824
Narrow klass base: 0x0000000000000000, Narrow klass shift: 3, Narrow klass range: 0x140000000

GC Precious Log:
 CPUs: 16 total, 16 available
 Memory: 15791M
 Large Page Support: Disabled
 NUMA Support: Disabled
 Compressed Oops: Enabled (32-bit)
 Alignments: Space 512K, Generation 512K, Heap 2M
 Heap Min Capacity: 100M
 Heap Initial Capacity: 100M
 Heap Max Capacity: 1G
 Pre-touch: Disabled
 Parallel Workers: 13

Heap:
 PSYoungGen      total 2560K, used 2539K [0x00000000eab00000, 0x00000000ebc80000, 0x0000000100000000)
  eden space 1536K, 100% used [0x00000000eab00000,0x00000000eac80000,0x00000000eac80000)
  from space 1024K, 97% used [0x00000000eb280000,0x00000000eb37acf0,0x00000000eb380000)
  to   space 6144K, 0% used [0x00000000eac80000,0x00000000eac80000,0x00000000eb280000)
 ParOldGen       total 155648K, used 155424K [0x00000000c0000000, 0x00000000c9800000, 0x00000000eab00000)
  object space 155648K, 99% used [0x00000000c0000000,0x00000000c97c83a0,0x00000000c9800000)
 Metaspace       used 109240K, committed 110656K, reserved 1179648K
  class space    used 10618K, committed 11264K, reserved 1048576K

Card table byte_map: [0x000001272bf90000,0x000001272c1a0000] _byte_map_base: 0x000001272b990000

Marking Bits: (ParMarkBitMap*) 0x00007ffe843e6940
 Begin Bits: [0x000001273e290000, 0x000001273f290000)
 End Bits:   [0x000001273f290000, 0x0000012740290000)

Polling page: 0x000001272bcc0000

Metaspace:

Usage:
  Non-class:     96.31 MB used.
      Class:     10.37 MB used.
       Both:    106.68 MB used.

Virtual space:
  Non-class space:      128.00 MB reserved,      97.06 MB ( 76%) committed,  2 nodes.
      Class space:        1.00 GB reserved,      11.00 MB (  1%) committed,  1 nodes.
             Both:        1.12 GB reserved,     108.06 MB (  9%) committed. 

Chunk freelists:
   Non-Class:  14.82 MB
       Class:  4.94 MB
        Both:  19.76 MB

MaxMetaspaceSize: unlimited
CompressedClassSpaceSize: 1.00 GB
Initial GC threshold: 21.00 MB
Current GC threshold: 179.94 MB
CDS: off
MetaspaceReclaimPolicy: balanced
 - commit_granule_bytes: 65536.
 - commit_granule_words: 8192.
 - virtual_space_node_default_size: 8388608.
 - enlarge_chunks_in_place: 1.
 - new_chunks_are_fully_committed: 0.
 - uncommit_free_chunks: 1.
 - use_allocation_guard: 0.
 - handle_deallocations: 1.


Internal statistics:

num_allocs_failed_limit: 6.
num_arena_births: 1528.
num_arena_deaths: 476.
num_vsnodes_births: 3.
num_vsnodes_deaths: 0.
num_space_committed: 1729.
num_space_uncommitted: 0.
num_chunks_returned_to_freelist: 560.
num_chunks_taken_from_freelist: 6737.
num_chunk_merges: 186.
num_chunk_splits: 3812.
num_chunks_enlarged: 1900.
num_inconsistent_stats: 0.

CodeHeap 'non-profiled nmethods': size=119168Kb used=41199Kb max_used=41637Kb free=77969Kb
 bounds [0x0000012736e30000, 0x00000127396e0000, 0x000001273e290000]
CodeHeap 'profiled nmethods': size=119104Kb used=49963Kb max_used=49963Kb free=69140Kb
 bounds [0x000001272f290000, 0x00000127323b0000, 0x00000127366e0000]
CodeHeap 'non-nmethods': size=7488Kb used=1483Kb max_used=3339Kb free=6004Kb
 bounds [0x00000127366e0000, 0x0000012736a30000, 0x0000012736e30000]
 total_blobs=25997 nmethods=25157 adapters=747
 compilation: enabled
              stopped_count=0, restarted_count=0
 full_count=0

Compilation events (20 events):
Event: 4158.502 Thread 0x0000012745681b80 37276       4       org.eclipse.jdt.internal.corext.util.JdtFlags::isStatic (68 bytes)
Event: 4158.514 Thread 0x0000012745681b80 nmethod 37276 0x0000012738f8d210 code [0x0000012738f8d620, 0x0000012738f8e800]
Event: 4159.892 Thread 0x0000012745681b80 37277       4       java.util.concurrent.ForkJoinPool::scan (235 bytes)
Event: 4159.895 Thread 0x0000012745687590 37279       3       org.eclipse.jdt.internal.corext.refactoring.code.ExtractMethodAnalyzer::checkExpression (115 bytes)
Event: 4159.895 Thread 0x0000012745687590 nmethod 37279 0x000001272fe65f90 code [0x000001272fe661e0, 0x000001272fe669d8]
Event: 4159.900 Thread 0x0000012745681b80 nmethod 37277 0x0000012738c2f710 code [0x0000012738c2f8e0, 0x0000012738c2feb0]
Event: 4159.900 Thread 0x0000012745681b80 37278       4       org.eclipse.jdt.core.dom.MethodInvocation::subtreeMatch0 (7 bytes)
Event: 4159.925 Thread 0x0000012745681b80 nmethod 37278 0x0000012738a82d90 code [0x0000012738a83080, 0x0000012738a85020]
Event: 4196.366 Thread 0x0000012745681b80 37280       4       org.eclipse.jdt.internal.compiler.codegen.CodeStream::arrayAtPut (170 bytes)
Event: 4196.374 Thread 0x0000012745681b80 nmethod 37280 0x00000127388d7910 code [0x00000127388d7b00, 0x00000127388d86c8]
Event: 4196.375 Thread 0x0000012745681b80 37281       4       org.eclipse.jdt.internal.formatter.TokenManager::toIndent (42 bytes)
Event: 4196.375 Thread 0x0000012745681b80 nmethod 37281 0x0000012738bac290 code [0x0000012738bac400, 0x0000012738bac4d8]
Event: 4197.449 Thread 0x0000012745687590 37282       3       java.util.concurrent.ThreadPoolExecutor::runStateLessThan (11 bytes)
Event: 4197.449 Thread 0x0000012745687590 nmethod 37282 0x0000012730155c90 code [0x0000012730155e20, 0x0000012730155f58]
Event: 4197.449 Thread 0x0000012745687590 37283       1       java.util.concurrent.SynchronousQueue::isEmpty (2 bytes)
Event: 4197.449 Thread 0x0000012745687590 nmethod 37283 0x0000012738a82910 code [0x0000012738a82aa0, 0x0000012738a82b78]
Event: 4200.343 Thread 0x0000012745681b80 37284   !   4       java.util.Formatter$FormatSpecifier::print (1725 bytes)
Event: 4200.427 Thread 0x0000012745681b80 nmethod 37284 0x000001273883a890 code [0x000001273883b0e0, 0x0000012738840668]
Event: 4204.308 Thread 0x0000012745687590 37285       3       org.eclipse.jdt.internal.core.JavaProject::getPath (10 bytes)
Event: 4204.308 Thread 0x0000012745687590 nmethod 37285 0x0000012730899710 code [0x00000127308998a0, 0x0000012730899a78]

GC Heap History (20 events):
Event: 4185.996 GC heap after
{Heap after GC invocations=14051 (full 246):
 PSYoungGen      total 7680K, used 2029K [0x00000000eab00000, 0x00000000eb780000, 0x0000000100000000)
  eden space 5632K, 0% used [0x00000000eab00000,0x00000000eab00000,0x00000000eb080000)
  from space 2048K, 99% used [0x00000000eb280000,0x00000000eb47b730,0x00000000eb480000)
  to   space 3072K, 0% used [0x00000000eb480000,0x00000000eb480000,0x00000000eb780000)
 ParOldGen       total 152576K, used 148380K [0x00000000c0000000, 0x00000000c9500000, 0x00000000eab00000)
  object space 152576K, 97% used [0x00000000c0000000,0x00000000c90e7088,0x00000000c9500000)
 Metaspace       used 109223K, committed 110656K, reserved 1179648K
  class space    used 10616K, committed 11264K, reserved 1048576K
}
Event: 4193.089 GC heap before
{Heap before GC invocations=14052 (full 246):
 PSYoungGen      total 7680K, used 7661K [0x00000000eab00000, 0x00000000eb780000, 0x0000000100000000)
  eden space 5632K, 100% used [0x00000000eab00000,0x00000000eb080000,0x00000000eb080000)
  from space 2048K, 99% used [0x00000000eb280000,0x00000000eb47b730,0x00000000eb480000)
  to   space 3072K, 0% used [0x00000000eb480000,0x00000000eb480000,0x00000000eb780000)
 ParOldGen       total 152576K, used 148380K [0x00000000c0000000, 0x00000000c9500000, 0x00000000eab00000)
  object space 152576K, 97% used [0x00000000c0000000,0x00000000c90e7088,0x00000000c9500000)
 Metaspace       used 109223K, committed 110656K, reserved 1179648K
  class space    used 10616K, committed 11264K, reserved 1048576K
}
Event: 4193.090 GC heap after
{Heap after GC invocations=14052 (full 246):
 PSYoungGen      total 6144K, used 320K [0x00000000eab00000, 0x00000000eb500000, 0x0000000100000000)
  eden space 5632K, 0% used [0x00000000eab00000,0x00000000eab00000,0x00000000eb080000)
  from space 512K, 62% used [0x00000000eb480000,0x00000000eb4d0000,0x00000000eb500000)
  to   space 1536K, 0% used [0x00000000eb200000,0x00000000eb200000,0x00000000eb380000)
 ParOldGen       total 152576K, used 148404K [0x00000000c0000000, 0x00000000c9500000, 0x00000000eab00000)
  object space 152576K, 97% used [0x00000000c0000000,0x00000000c90ed088,0x00000000c9500000)
 Metaspace       used 109223K, committed 110656K, reserved 1179648K
  class space    used 10616K, committed 11264K, reserved 1048576K
}
Event: 4196.367 GC heap before
{Heap before GC invocations=14053 (full 246):
 PSYoungGen      total 6144K, used 5952K [0x00000000eab00000, 0x00000000eb500000, 0x0000000100000000)
  eden space 5632K, 100% used [0x00000000eab00000,0x00000000eb080000,0x00000000eb080000)
  from space 512K, 62% used [0x00000000eb480000,0x00000000eb4d0000,0x00000000eb500000)
  to   space 1536K, 0% used [0x00000000eb200000,0x00000000eb200000,0x00000000eb380000)
 ParOldGen       total 152576K, used 148404K [0x00000000c0000000, 0x00000000c9500000, 0x00000000eab00000)
  object space 152576K, 97% used [0x00000000c0000000,0x00000000c90ed088,0x00000000c9500000)
 Metaspace       used 109223K, committed 110656K, reserved 1179648K
  class space    used 10616K, committed 11264K, reserved 1048576K
}
Event: 4196.368 GC heap after
{Heap after GC invocations=14053 (full 246):
 PSYoungGen      total 7168K, used 1504K [0x00000000eab00000, 0x00000000eb500000, 0x0000000100000000)
  eden space 5632K, 0% used [0x00000000eab00000,0x00000000eab00000,0x00000000eb080000)
  from space 1536K, 97% used [0x00000000eb200000,0x00000000eb378020,0x00000000eb380000)
  to   space 1536K, 0% used [0x00000000eb380000,0x00000000eb380000,0x00000000eb500000)
 ParOldGen       total 152576K, used 148428K [0x00000000c0000000, 0x00000000c9500000, 0x00000000eab00000)
  object space 152576K, 97% used [0x00000000c0000000,0x00000000c90f3088,0x00000000c9500000)
 Metaspace       used 109223K, committed 110656K, reserved 1179648K
  class space    used 10616K, committed 11264K, reserved 1048576K
}
Event: 4196.376 GC heap before
{Heap before GC invocations=14054 (full 246):
 PSYoungGen      total 7168K, used 7133K [0x00000000eab00000, 0x00000000eb500000, 0x0000000100000000)
  eden space 5632K, 99% used [0x00000000eab00000,0x00000000eb07f6c8,0x00000000eb080000)
  from space 1536K, 97% used [0x00000000eb200000,0x00000000eb378020,0x00000000eb380000)
  to   space 1536K, 0% used [0x00000000eb380000,0x00000000eb380000,0x00000000eb500000)
 ParOldGen       total 152576K, used 148428K [0x00000000c0000000, 0x00000000c9500000, 0x00000000eab00000)
  object space 152576K, 97% used [0x00000000c0000000,0x00000000c90f3088,0x00000000c9500000)
 Metaspace       used 109223K, committed 110656K, reserved 1179648K
  class space    used 10616K, committed 11264K, reserved 1048576K
}
Event: 4196.377 GC heap after
{Heap after GC invocations=14054 (full 246):
 PSYoungGen      total 6144K, used 480K [0x00000000eab00000, 0x00000000eb400000, 0x0000000100000000)
  eden space 5632K, 0% used [0x00000000eab00000,0x00000000eab00000,0x00000000eb080000)
  from space 512K, 93% used [0x00000000eb380000,0x00000000eb3f8020,0x00000000eb400000)
  to   space 1024K, 0% used [0x00000000eb200000,0x00000000eb200000,0x00000000eb300000)
 ParOldGen       total 152576K, used 149164K [0x00000000c0000000, 0x00000000c9500000, 0x00000000eab00000)
  object space 152576K, 97% used [0x00000000c0000000,0x00000000c91ab238,0x00000000c9500000)
 Metaspace       used 109223K, committed 110656K, reserved 1179648K
  class space    used 10616K, committed 11264K, reserved 1048576K
}
Event: 4197.491 GC heap before
{Heap before GC invocations=14055 (full 246):
 PSYoungGen      total 6144K, used 6112K [0x00000000eab00000, 0x00000000eb400000, 0x0000000100000000)
  eden space 5632K, 100% used [0x00000000eab00000,0x00000000eb080000,0x00000000eb080000)
  from space 512K, 93% used [0x00000000eb380000,0x00000000eb3f8020,0x00000000eb400000)
  to   space 1024K, 0% used [0x00000000eb200000,0x00000000eb200000,0x00000000eb300000)
 ParOldGen       total 152576K, used 149164K [0x00000000c0000000, 0x00000000c9500000, 0x00000000eab00000)
  object space 152576K, 97% used [0x00000000c0000000,0x00000000c91ab238,0x00000000c9500000)
 Metaspace       used 109223K, committed 110656K, reserved 1179648K
  class space    used 10616K, committed 11264K, reserved 1048576K
}
Event: 4197.492 GC heap after
{Heap after GC invocations=14055 (full 246):
 PSYoungGen      total 6656K, used 544K [0x00000000eab00000, 0x00000000eb400000, 0x0000000100000000)
  eden space 5632K, 0% used [0x00000000eab00000,0x00000000eab00000,0x00000000eb080000)
  from space 1024K, 53% used [0x00000000eb200000,0x00000000eb288040,0x00000000eb300000)
  to   space 1024K, 0% used [0x00000000eb300000,0x00000000eb300000,0x00000000eb400000)
 ParOldGen       total 152576K, used 149244K [0x00000000c0000000, 0x00000000c9500000, 0x00000000eab00000)
  object space 152576K, 97% used [0x00000000c0000000,0x00000000c91bf238,0x00000000c9500000)
 Metaspace       used 109223K, committed 110656K, reserved 1179648K
  class space    used 10616K, committed 11264K, reserved 1048576K
}
Event: 4197.658 GC heap before
{Heap before GC invocations=14056 (full 246):
 PSYoungGen      total 6656K, used 6176K [0x00000000eab00000, 0x00000000eb400000, 0x0000000100000000)
  eden space 5632K, 100% used [0x00000000eab00000,0x00000000eb080000,0x00000000eb080000)
  from space 1024K, 53% used [0x00000000eb200000,0x00000000eb288040,0x00000000eb300000)
  to   space 1024K, 0% used [0x00000000eb300000,0x00000000eb300000,0x00000000eb400000)
 ParOldGen       total 152576K, used 149244K [0x00000000c0000000, 0x00000000c9500000, 0x00000000eab00000)
  object space 152576K, 97% used [0x00000000c0000000,0x00000000c91bf238,0x00000000c9500000)
 Metaspace       used 109223K, committed 110656K, reserved 1179648K
  class space    used 10616K, committed 11264K, reserved 1048576K
}
Event: 4197.658 GC heap after
{Heap after GC invocations=14056 (full 246):
 PSYoungGen      total 6144K, used 480K [0x00000000eab00000, 0x00000000eb380000, 0x0000000100000000)
  eden space 5632K, 0% used [0x00000000eab00000,0x00000000eab00000,0x00000000eb080000)
  from space 512K, 93% used [0x00000000eb300000,0x00000000eb378020,0x00000000eb380000)
  to   space 512K, 0% used [0x00000000eb280000,0x00000000eb280000,0x00000000eb300000)
 ParOldGen       total 152576K, used 149316K [0x00000000c0000000, 0x00000000c9500000, 0x00000000eab00000)
  object space 152576K, 97% used [0x00000000c0000000,0x00000000c91d1238,0x00000000c9500000)
 Metaspace       used 109223K, committed 110656K, reserved 1179648K
  class space    used 10616K, committed 11264K, reserved 1048576K
}
Event: 4200.340 GC heap before
{Heap before GC invocations=14057 (full 246):
 PSYoungGen      total 6144K, used 6112K [0x00000000eab00000, 0x00000000eb380000, 0x0000000100000000)
  eden space 5632K, 100% used [0x00000000eab00000,0x00000000eb080000,0x00000000eb080000)
  from space 512K, 93% used [0x00000000eb300000,0x00000000eb378020,0x00000000eb380000)
  to   space 512K, 0% used [0x00000000eb280000,0x00000000eb280000,0x00000000eb300000)
 ParOldGen       total 152576K, used 149316K [0x00000000c0000000, 0x00000000c9500000, 0x00000000eab00000)
  object space 152576K, 97% used [0x00000000c0000000,0x00000000c91d1238,0x00000000c9500000)
 Metaspace       used 109223K, committed 110656K, reserved 1179648K
  class space    used 10616K, committed 11264K, reserved 1048576K
}
Event: 4200.340 GC heap after
{Heap after GC invocations=14057 (full 246):
 PSYoungGen      total 6144K, used 496K [0x00000000eab00000, 0x00000000eb380000, 0x0000000100000000)
  eden space 5632K, 0% used [0x00000000eab00000,0x00000000eab00000,0x00000000eb080000)
  from space 512K, 96% used [0x00000000eb280000,0x00000000eb2fc030,0x00000000eb300000)
  to   space 512K, 0% used [0x00000000eb300000,0x00000000eb300000,0x00000000eb380000)
 ParOldGen       total 152576K, used 149697K [0x00000000c0000000, 0x00000000c9500000, 0x00000000eab00000)
  object space 152576K, 98% used [0x00000000c0000000,0x00000000c9230408,0x00000000c9500000)
 Metaspace       used 109223K, committed 110656K, reserved 1179648K
  class space    used 10616K, committed 11264K, reserved 1048576K
}
Event: 4204.300 GC heap before
{Heap before GC invocations=14058 (full 246):
 PSYoungGen      total 6144K, used 6128K [0x00000000eab00000, 0x00000000eb380000, 0x0000000100000000)
  eden space 5632K, 100% used [0x00000000eab00000,0x00000000eb080000,0x00000000eb080000)
  from space 512K, 96% used [0x00000000eb280000,0x00000000eb2fc030,0x00000000eb300000)
  to   space 512K, 0% used [0x00000000eb300000,0x00000000eb300000,0x00000000eb380000)
 ParOldGen       total 152576K, used 149697K [0x00000000c0000000, 0x00000000c9500000, 0x00000000eab00000)
  object space 152576K, 98% used [0x00000000c0000000,0x00000000c9230408,0x00000000c9500000)
 Metaspace       used 109223K, committed 110656K, reserved 1179648K
  class space    used 10616K, committed 11264K, reserved 1048576K
}
Event: 4204.300 GC heap after
{Heap after GC invocations=14058 (full 246):
 PSYoungGen      total 6144K, used 496K [0x00000000eab00000, 0x00000000eb380000, 0x0000000100000000)
  eden space 5632K, 0% used [0x00000000eab00000,0x00000000eab00000,0x00000000eb080000)
  from space 512K, 96% used [0x00000000eb300000,0x00000000eb37c030,0x00000000eb380000)
  to   space 1536K, 0% used [0x00000000eb080000,0x00000000eb080000,0x00000000eb200000)
 ParOldGen       total 152576K, used 150604K [0x00000000c0000000, 0x00000000c9500000, 0x00000000eab00000)
  object space 152576K, 98% used [0x00000000c0000000,0x00000000c93131b0,0x00000000c9500000)
 Metaspace       used 109223K, committed 110656K, reserved 1179648K
  class space    used 10616K, committed 11264K, reserved 1048576K
}
Event: 4204.311 GC heap before
{Heap before GC invocations=14059 (full 246):
 PSYoungGen      total 6144K, used 6128K [0x00000000eab00000, 0x00000000eb380000, 0x0000000100000000)
  eden space 5632K, 100% used [0x00000000eab00000,0x00000000eb080000,0x00000000eb080000)
  from space 512K, 96% used [0x00000000eb300000,0x00000000eb37c030,0x00000000eb380000)
  to   space 1536K, 0% used [0x00000000eb080000,0x00000000eb080000,0x00000000eb200000)
 ParOldGen       total 152576K, used 150604K [0x00000000c0000000, 0x00000000c9500000, 0x00000000eab00000)
  object space 152576K, 98% used [0x00000000c0000000,0x00000000c93131b0,0x00000000c9500000)
 Metaspace       used 109240K, committed 110656K, reserved 1179648K
  class space    used 10618K, committed 11264K, reserved 1048576K
}
Event: 4204.313 GC heap after
{Heap after GC invocations=14059 (full 246):
 PSYoungGen      total 7168K, used 768K [0x00000000eab00000, 0x00000000eb380000, 0x0000000100000000)
  eden space 5632K, 0% used [0x00000000eab00000,0x00000000eab00000,0x00000000eb080000)
  from space 1536K, 50% used [0x00000000eb080000,0x00000000eb140060,0x00000000eb200000)
  to   space 1024K, 0% used [0x00000000eb280000,0x00000000eb280000,0x00000000eb380000)
 ParOldGen       total 152576K, used 151137K [0x00000000c0000000, 0x00000000c9500000, 0x00000000eab00000)
  object space 152576K, 99% used [0x00000000c0000000,0x00000000c93984f8,0x00000000c9500000)
 Metaspace       used 109240K, committed 110656K, reserved 1179648K
  class space    used 10618K, committed 11264K, reserved 1048576K
}
Event: 4204.319 GC heap before
{Heap before GC invocations=14060 (full 246):
 PSYoungGen      total 7168K, used 6400K [0x00000000eab00000, 0x00000000eb380000, 0x0000000100000000)
  eden space 5632K, 100% used [0x00000000eab00000,0x00000000eb080000,0x00000000eb080000)
  from space 1536K, 50% used [0x00000000eb080000,0x00000000eb140060,0x00000000eb200000)
  to   space 1024K, 0% used [0x00000000eb280000,0x00000000eb280000,0x00000000eb380000)
 ParOldGen       total 152576K, used 151137K [0x00000000c0000000, 0x00000000c9500000, 0x00000000eab00000)
  object space 152576K, 99% used [0x00000000c0000000,0x00000000c93984f8,0x00000000c9500000)
 Metaspace       used 109240K, committed 110656K, reserved 1179648K
  class space    used 10618K, committed 11264K, reserved 1048576K
}
Event: 4204.322 GC heap after
{Heap after GC invocations=14060 (full 246):
 PSYoungGen      total 2560K, used 1003K [0x00000000eab00000, 0x00000000ebc80000, 0x0000000100000000)
  eden space 1536K, 0% used [0x00000000eab00000,0x00000000eab00000,0x00000000eac80000)
  from space 1024K, 97% used [0x00000000eb280000,0x00000000eb37acf0,0x00000000eb380000)
  to   space 6144K, 0% used [0x00000000eac80000,0x00000000eac80000,0x00000000eb280000)
 ParOldGen       total 155648K, used 155424K [0x00000000c0000000, 0x00000000c9800000, 0x00000000eab00000)
  object space 155648K, 99% used [0x00000000c0000000,0x00000000c97c83a0,0x00000000c9800000)
 Metaspace       used 109240K, committed 110656K, reserved 1179648K
  class space    used 10618K, committed 11264K, reserved 1048576K
}
Event: 4204.326 GC heap before
{Heap before GC invocations=14061 (full 247):
 PSYoungGen      total 2560K, used 2539K [0x00000000eab00000, 0x00000000ebc80000, 0x0000000100000000)
  eden space 1536K, 100% used [0x00000000eab00000,0x00000000eac80000,0x00000000eac80000)
  from space 1024K, 97% used [0x00000000eb280000,0x00000000eb37acf0,0x00000000eb380000)
  to   space 6144K, 0% used [0x00000000eac80000,0x00000000eac80000,0x00000000eb280000)
 ParOldGen       total 155648K, used 155424K [0x00000000c0000000, 0x00000000c9800000, 0x00000000eab00000)
  object space 155648K, 99% used [0x00000000c0000000,0x00000000c97c83a0,0x00000000c9800000)
 Metaspace       used 109240K, committed 110656K, reserved 1179648K
  class space    used 10618K, committed 11264K, reserved 1048576K
}

Dll operation events (12 events):
Event: 0.055 Loaded shared library c:\Users\bllad\.vscode\extensions\redhat.java-1.37.0-win32-x64\jre\17.0.13-win32-x86_64\bin\java.dll
Event: 0.251 Loaded shared library c:\Users\bllad\.vscode\extensions\redhat.java-1.37.0-win32-x64\jre\17.0.13-win32-x86_64\bin\zip.dll
Event: 0.257 Loaded shared library C:\Users\bllad\.vscode\extensions\redhat.java-1.37.0-win32-x64\jre\17.0.13-win32-x86_64\bin\instrument.dll
Event: 0.276 Loaded shared library C:\Users\bllad\.vscode\extensions\redhat.java-1.37.0-win32-x64\jre\17.0.13-win32-x86_64\bin\net.dll
Event: 0.280 Loaded shared library C:\Users\bllad\.vscode\extensions\redhat.java-1.37.0-win32-x64\jre\17.0.13-win32-x86_64\bin\nio.dll
Event: 0.292 Loaded shared library C:\Users\bllad\.vscode\extensions\redhat.java-1.37.0-win32-x64\jre\17.0.13-win32-x86_64\bin\zip.dll
Event: 0.310 Loaded shared library C:\Users\bllad\.vscode\extensions\redhat.java-1.37.0-win32-x64\jre\17.0.13-win32-x86_64\bin\jimage.dll
Event: 0.380 Loaded shared library c:\Users\bllad\.vscode\extensions\redhat.java-1.37.0-win32-x64\jre\17.0.13-win32-x86_64\bin\verify.dll
Event: 5.339 Loaded shared library C:\Users\bllad\AppData\Roaming\Code\User\globalStorage\redhat.java\1.37.0\config_win\org.eclipse.equinox.launcher\org.eclipse.equinox.launcher.win32.win32.x86_64_1.2.1100.v20240722-2106\eclipse_11904.dll
Event: 13.363 Loaded shared library C:\Users\bllad\AppData\Local\Temp\jna-93829381\jna475080158511751647.dll
Event: 14.682 Loaded shared library C:\Users\bllad\.vscode\extensions\redhat.java-1.37.0-win32-x64\jre\17.0.13-win32-x86_64\bin\sunmscapi.dll
Event: 15.060 Loaded shared library C:\Users\bllad\.vscode\extensions\redhat.java-1.37.0-win32-x64\jre\17.0.13-win32-x86_64\bin\extnet.dll

Deoptimization events (20 events):
Event: 4130.414 Thread 0x000001275b6ad3a0 DEOPT PACKING pc=0x00000127317e43a6 sp=0x0000001f410fe650
Event: 4130.414 Thread 0x000001275b6ad3a0 DEOPT UNPACKING pc=0x0000012736736e43 sp=0x0000001f410fdb70 mode 0
Event: 4159.895 Thread 0x000001275a5e1fd0 DEOPT PACKING pc=0x000001272f473453 sp=0x0000001f492fe6f0
Event: 4159.895 Thread 0x000001275a5e1fd0 DEOPT UNPACKING pc=0x0000012736736e43 sp=0x0000001f492fdb88 mode 0
Event: 4204.308 Thread 0x000001275a5e3920 Uncommon trap: trap_request=0xffffff45 fr.pc=0x000001273922e96c relative=0x0000000000000f0c
Event: 4204.308 Thread 0x000001275a5e3920 Uncommon trap: reason=unstable_if action=reinterpret pc=0x000001273922e96c method=org.eclipse.jdt.internal.core.search.JavaSearchScope.add(Ljava/lang/String;Ljava/lang/String;Ljava/lang/String;ZLorg/eclipse/jdt/internal/compiler/env/AccessRuleSet;)V @ 47 
Event: 4204.308 Thread 0x000001275a5e3920 DEOPT PACKING pc=0x000001273922e96c sp=0x0000001f493fe6e0
Event: 4204.308 Thread 0x000001275a5e3920 DEOPT UNPACKING pc=0x00000127367366a3 sp=0x0000001f493fe6e8 mode 2
Event: 4204.311 Thread 0x000001275a5e3920 Uncommon trap: trap_request=0xffffff45 fr.pc=0x000001273777d93c relative=0x000000000000009c
Event: 4204.311 Thread 0x000001275a5e3920 Uncommon trap: reason=unstable_if action=reinterpret pc=0x000001273777d93c method=org.eclipse.core.internal.resources.Resource.checkExists(IZ)V @ 6 c2
Event: 4204.311 Thread 0x000001275a5e3920 DEOPT PACKING pc=0x000001273777d93c sp=0x0000001f493fe030
Event: 4204.311 Thread 0x000001275a5e3920 DEOPT UNPACKING pc=0x00000127367366a3 sp=0x0000001f493fdfb0 mode 2
Event: 4204.311 Thread 0x000001275a5e3920 Uncommon trap: trap_request=0xffffffc6 fr.pc=0x000001273802bba4 relative=0x0000000000000104
Event: 4204.311 Thread 0x000001275a5e3920 Uncommon trap: reason=bimorphic_or_optimized_type_check action=maybe_recompile pc=0x000001273802bba4 method=org.eclipse.core.runtime.CoreException.<init>(Lorg/eclipse/core/runtime/IStatus;)V @ 2 c2
Event: 4204.311 Thread 0x000001275a5e3920 DEOPT PACKING pc=0x000001273802bba4 sp=0x0000001f493fdf00
Event: 4204.311 Thread 0x000001275a5e3920 DEOPT UNPACKING pc=0x00000127367366a3 sp=0x0000001f493fdea8 mode 2
Event: 4204.311 Thread 0x000001275a5e3920 Uncommon trap: trap_request=0xffffff45 fr.pc=0x00000127385a5fc8 relative=0x0000000000000108
Event: 4204.311 Thread 0x000001275a5e3920 Uncommon trap: reason=unstable_if action=reinterpret pc=0x00000127385a5fc8 method=org.eclipse.core.runtime.SubProgressMonitor.internalWorked(D)V @ 12 c2
Event: 4204.311 Thread 0x000001275a5e3920 DEOPT PACKING pc=0x00000127385a5fc8 sp=0x0000001f493fe630
Event: 4204.311 Thread 0x000001275a5e3920 DEOPT UNPACKING pc=0x00000127367366a3 sp=0x0000001f493fe5a0 mode 2

Classes loaded (20 events):
Event: 1673.661 Loading class java/nio/channels/DatagramChannel
Event: 1673.661 Loading class java/nio/channels/MulticastChannel
Event: 1673.661 Loading class java/nio/channels/MulticastChannel done
Event: 1673.661 Loading class java/nio/channels/DatagramChannel done
Event: 1673.666 Loading class java/util/InvalidPropertiesFormatException
Event: 1673.666 Loading class java/util/InvalidPropertiesFormatException done
Event: 1880.666 Loading class java/util/DualPivotQuicksort$Sorter
Event: 1880.666 Loading class java/util/DualPivotQuicksort$Sorter done
Event: 2961.045 Loading class java/util/concurrent/ConcurrentHashMap$TreeNode
Event: 2961.045 Loading class java/util/concurrent/ConcurrentHashMap$TreeNode done
Event: 2961.045 Loading class java/util/concurrent/ConcurrentHashMap$TreeBin
Event: 2961.045 Loading class java/util/concurrent/ConcurrentHashMap$TreeBin done
Event: 3212.176 Loading class sun/net/www/protocol/http/HttpURLConnection$10
Event: 3212.176 Loading class sun/net/www/protocol/http/HttpURLConnection$10 done
Event: 3213.959 Loading class sun/net/www/http/KeepAliveCleanerEntry
Event: 3213.959 Loading class sun/net/www/http/KeepAliveCleanerEntry done
Event: 3213.959 Loading class sun/net/www/http/KeepAliveStream$1
Event: 3213.959 Loading class sun/net/www/http/KeepAliveStream$1 done
Event: 3213.959 Loading class sun/net/www/http/ChunkedInputStream
Event: 3213.960 Loading class sun/net/www/http/ChunkedInputStream done

Classes unloaded (20 events):
Event: 1891.297 Thread 0x0000012740472100 Unloading class 0x000000010028d800 'java/lang/invoke/LambdaForm$MH+0x000000010028d800'
Event: 1891.297 Thread 0x0000012740472100 Unloading class 0x000000010028d000 'java/lang/invoke/LambdaForm$MH+0x000000010028d000'
Event: 1891.297 Thread 0x0000012740472100 Unloading class 0x00000001001b1800 'java/lang/invoke/LambdaForm$MH+0x00000001001b1800'
Event: 2012.704 Thread 0x0000012740472100 Unloading class 0x0000000100220c00 'java/lang/invoke/LambdaForm$MH+0x0000000100220c00'
Event: 2012.704 Thread 0x0000012740472100 Unloading class 0x0000000100220800 'java/lang/invoke/LambdaForm$MH+0x0000000100220800'
Event: 2681.621 Thread 0x0000012740472100 Unloading class 0x0000000100ac5800 'java/lang/invoke/LambdaForm$MH+0x0000000100ac5800'
Event: 2681.621 Thread 0x0000012740472100 Unloading class 0x0000000100835000 'java/lang/invoke/LambdaForm$MH+0x0000000100835000'
Event: 2681.621 Thread 0x0000012740472100 Unloading class 0x00000001004f0800 'java/lang/invoke/LambdaForm$MH+0x00000001004f0800'
Event: 2681.621 Thread 0x0000012740472100 Unloading class 0x00000001004b7000 'java/lang/invoke/LambdaForm$MH+0x00000001004b7000'
Event: 2681.621 Thread 0x0000012740472100 Unloading class 0x0000000100af3400 'java/lang/invoke/LambdaForm$MH+0x0000000100af3400'
Event: 2681.621 Thread 0x0000012740472100 Unloading class 0x0000000100af9000 'java/lang/invoke/LambdaForm$MH+0x0000000100af9000'
Event: 2681.621 Thread 0x0000012740472100 Unloading class 0x0000000100220400 'java/lang/invoke/LambdaForm$MH+0x0000000100220400'
Event: 3061.959 Thread 0x0000012740472100 Unloading class 0x000000010099c400 'jdk/internal/reflect/GeneratedConstructorAccessor81'
Event: 3781.486 Thread 0x0000012740472100 Unloading class 0x0000000100220000 'java/lang/invoke/LambdaForm$MH+0x0000000100220000'
Event: 3781.486 Thread 0x0000012740472100 Unloading class 0x00000001001a2000 'java/lang/invoke/LambdaForm$MH+0x00000001001a2000'
Event: 3781.486 Thread 0x0000012740472100 Unloading class 0x00000001001a1800 'java/lang/invoke/LambdaForm$MH+0x00000001001a1800'
Event: 3781.486 Thread 0x0000012740472100 Unloading class 0x00000001001a1400 'java/lang/invoke/LambdaForm$MH+0x00000001001a1400'
Event: 3781.486 Thread 0x0000012740472100 Unloading class 0x00000001001a1000 'java/lang/invoke/LambdaForm$MH+0x00000001001a1000'
Event: 3781.486 Thread 0x0000012740472100 Unloading class 0x00000001001a0c00 'java/lang/invoke/LambdaForm$MH+0x00000001001a0c00'
Event: 3781.486 Thread 0x0000012740472100 Unloading class 0x00000001001a0400 'java/lang/invoke/LambdaForm$MH+0x00000001001a0400'

Classes redefined (0 events):
No events

Internal exceptions (20 events):
Event: 4051.670 Thread 0x000001274838cde0 Exception <a 'sun/nio/fs/WindowsException'{0x00000000eaed7548}> (0x00000000eaed7548) 
thrown [s\src\hotspot\share\prims\jni.cpp, line 516]
Event: 4064.261 Thread 0x000001274838cde0 Exception <a 'sun/nio/fs/WindowsException'{0x00000000eb0c2738}> (0x00000000eb0c2738) 
thrown [s\src\hotspot\share\prims\jni.cpp, line 516]
Event: 4064.329 Thread 0x000001274838cde0 Exception <a 'sun/nio/fs/WindowsException'{0x00000000eab12dc0}> (0x00000000eab12dc0) 
thrown [s\src\hotspot\share\prims\jni.cpp, line 516]
Event: 4073.834 Thread 0x000001275a5e3920 Implicit null exception at 0x000001273947f151 to 0x000001273948577c
Event: 4076.959 Thread 0x000001274838cde0 Exception <a 'sun/nio/fs/WindowsException'{0x00000000eaf6c680}> (0x00000000eaf6c680) 
thrown [s\src\hotspot\share\prims\jni.cpp, line 516]
Event: 4077.027 Thread 0x000001274838cde0 Exception <a 'sun/nio/fs/WindowsException'{0x00000000eb3880a8}> (0x00000000eb3880a8) 
thrown [s\src\hotspot\share\prims\jni.cpp, line 516]
Event: 4084.835 Thread 0x000001274838cde0 Exception <a 'sun/nio/fs/WindowsException'{0x00000000eafd30b0}> (0x00000000eafd30b0) 
thrown [s\src\hotspot\share\prims\jni.cpp, line 516]
Event: 4084.898 Thread 0x000001274838cde0 Exception <a 'sun/nio/fs/WindowsException'{0x00000000eac57c48}> (0x00000000eac57c48) 
thrown [s\src\hotspot\share\prims\jni.cpp, line 516]
Event: 4087.118 Thread 0x000001274838cde0 Exception <a 'sun/nio/fs/WindowsException'{0x00000000eabaffc8}> (0x00000000eabaffc8) 
thrown [s\src\hotspot\share\prims\jni.cpp, line 516]
Event: 4087.296 Thread 0x000001274838cde0 Exception <a 'sun/nio/fs/WindowsException'{0x00000000eab302b8}> (0x00000000eab302b8) 
thrown [s\src\hotspot\share\prims\jni.cpp, line 516]
Event: 4090.121 Thread 0x000001274838cde0 Exception <a 'sun/nio/fs/WindowsException'{0x00000000ead13a10}> (0x00000000ead13a10) 
thrown [s\src\hotspot\share\prims\jni.cpp, line 516]
Event: 4090.186 Thread 0x000001274838cde0 Exception <a 'sun/nio/fs/WindowsException'{0x00000000ead75c40}> (0x00000000ead75c40) 
thrown [s\src\hotspot\share\prims\jni.cpp, line 516]
Event: 4114.038 Thread 0x000001274838cde0 Exception <a 'sun/nio/fs/WindowsException'{0x00000000eadc18d0}> (0x00000000eadc18d0) 
thrown [s\src\hotspot\share\prims\jni.cpp, line 516]
Event: 4114.104 Thread 0x000001274838cde0 Exception <a 'sun/nio/fs/WindowsException'{0x00000000eab66358}> (0x00000000eab66358) 
thrown [s\src\hotspot\share\prims\jni.cpp, line 516]
Event: 4122.603 Thread 0x000001274838cde0 Exception <a 'sun/nio/fs/WindowsException'{0x00000000eacc9990}> (0x00000000eacc9990) 
thrown [s\src\hotspot\share\prims\jni.cpp, line 516]
Event: 4122.768 Thread 0x000001274838cde0 Exception <a 'sun/nio/fs/WindowsException'{0x00000000eab16c70}> (0x00000000eab16c70) 
thrown [s\src\hotspot\share\prims\jni.cpp, line 516]
Event: 4124.466 Thread 0x000001274838cde0 Exception <a 'sun/nio/fs/WindowsException'{0x00000000eac5af10}> (0x00000000eac5af10) 
thrown [s\src\hotspot\share\prims\jni.cpp, line 516]
Event: 4124.541 Thread 0x000001274838cde0 Exception <a 'sun/nio/fs/WindowsException'{0x00000000eab8f578}> (0x00000000eab8f578) 
thrown [s\src\hotspot\share\prims\jni.cpp, line 516]
Event: 4129.857 Thread 0x000001274838cde0 Exception <a 'sun/nio/fs/WindowsException'{0x00000000eacbedb0}> (0x00000000eacbedb0) 
thrown [s\src\hotspot\share\prims\jni.cpp, line 516]
Event: 4130.034 Thread 0x000001274838cde0 Exception <a 'sun/nio/fs/WindowsException'{0x00000000eaded4d0}> (0x00000000eaded4d0) 
thrown [s\src\hotspot\share\prims\jni.cpp, line 516]

VM Operations (20 events):
Event: 4185.996 Executing VM operation: ParallelGCFailedAllocation done
Event: 4193.089 Executing VM operation: ParallelGCFailedAllocation
Event: 4193.090 Executing VM operation: ParallelGCFailedAllocation done
Event: 4196.367 Executing VM operation: ParallelGCFailedAllocation
Event: 4196.368 Executing VM operation: ParallelGCFailedAllocation done
Event: 4196.376 Executing VM operation: ParallelGCFailedAllocation
Event: 4196.377 Executing VM operation: ParallelGCFailedAllocation done
Event: 4197.491 Executing VM operation: ParallelGCFailedAllocation
Event: 4197.492 Executing VM operation: ParallelGCFailedAllocation done
Event: 4197.658 Executing VM operation: ParallelGCFailedAllocation
Event: 4197.658 Executing VM operation: ParallelGCFailedAllocation done
Event: 4200.340 Executing VM operation: ParallelGCFailedAllocation
Event: 4200.340 Executing VM operation: ParallelGCFailedAllocation done
Event: 4204.300 Executing VM operation: ParallelGCFailedAllocation
Event: 4204.300 Executing VM operation: ParallelGCFailedAllocation done
Event: 4204.311 Executing VM operation: ParallelGCFailedAllocation
Event: 4204.313 Executing VM operation: ParallelGCFailedAllocation done
Event: 4204.319 Executing VM operation: ParallelGCFailedAllocation
Event: 4204.322 Executing VM operation: ParallelGCFailedAllocation done
Event: 4204.326 Executing VM operation: ParallelGCFailedAllocation

Memory protections (0 events):
No events

Nmethod flushes (20 events):
Event: 4069.503 Thread 0x0000012745689750 flushing  nmethod 0x0000012730f6e010
Event: 4069.503 Thread 0x0000012745689750 flushing  nmethod 0x0000012730f83390
Event: 4069.503 Thread 0x0000012745689750 flushing  nmethod 0x000001273114e890
Event: 4069.504 Thread 0x0000012745689750 flushing  nmethod 0x0000012731231e90
Event: 4069.504 Thread 0x0000012745689750 flushing  nmethod 0x0000012731250e10
Event: 4069.504 Thread 0x0000012745689750 flushing  nmethod 0x000001273128d390
Event: 4069.504 Thread 0x0000012745689750 flushing  nmethod 0x00000127312f1d90
Event: 4069.504 Thread 0x0000012745689750 flushing  nmethod 0x0000012731361a10
Event: 4069.505 Thread 0x0000012745689750 flushing  nmethod 0x0000012731420010
Event: 4069.505 Thread 0x0000012745689750 flushing  nmethod 0x0000012731472110
Event: 4069.505 Thread 0x0000012745689750 flushing  nmethod 0x0000012731543690
Event: 4069.505 Thread 0x0000012745689750 flushing  nmethod 0x000001273155bd10
Event: 4069.506 Thread 0x0000012745689750 flushing  nmethod 0x000001273168f410
Event: 4069.507 Thread 0x0000012745689750 flushing  nmethod 0x0000012731829690
Event: 4069.507 Thread 0x0000012745689750 flushing  nmethod 0x00000127318a5590
Event: 4069.507 Thread 0x0000012745689750 flushing  nmethod 0x00000127318a6310
Event: 4069.510 Thread 0x0000012745689750 flushing  nmethod 0x00000127320d7a90
Event: 4069.510 Thread 0x0000012745689750 flushing  nmethod 0x00000127320e5a90
Event: 4069.511 Thread 0x0000012745689750 flushing  nmethod 0x00000127321bdb90
Event: 4069.511 Thread 0x0000012745689750 flushing  nmethod 0x00000127322bd410

Events (20 events):
Event: 4013.830 Thread 0x0000012748bf18e0 Thread exited: 0x0000012748bf18e0
Event: 4014.390 Thread 0x0000012748bf1390 Thread exited: 0x0000012748bf1390
Event: 4018.372 Thread 0x0000012748bf0e40 Thread exited: 0x0000012748bf0e40
Event: 4025.490 Thread 0x00000127498a7a30 Thread added: 0x00000127498a7520
Event: 4026.232 Thread 0x00000127498a7a30 Thread added: 0x00000127498a60e0
Event: 4026.739 Thread 0x00000127498a7a30 Thread added: 0x00000127498a65f0
Event: 4030.411 Thread 0x00000127498a65f0 Thread added: 0x000001275b6aba50
Event: 4030.411 Thread 0x000001275b6aba50 Thread exited: 0x000001275b6aba50
Event: 4030.414 Thread 0x00000127498a7520 Thread added: 0x000001275b6aba50
Event: 4030.414 Thread 0x000001275b6aba50 Thread exited: 0x000001275b6aba50
Event: 4030.414 Thread 0x00000127498a60e0 Thread added: 0x000001275b6aba50
Event: 4030.414 Thread 0x000001275b6aba50 Thread exited: 0x000001275b6aba50
Event: 4032.598 Thread 0x00000127498a7520 Thread added: 0x000001275b6ac470
Event: 4042.604 Thread 0x000001275b6ac470 Thread exited: 0x000001275b6ac470
Event: 4055.444 Thread 0x00000127498a4ca0 Thread added: 0x000001275b6aba50
Event: 4055.445 Thread 0x000001275b6aba50 Thread exited: 0x000001275b6aba50
Event: 4092.600 Thread 0x00000127498a7520 Thread exited: 0x00000127498a7520
Event: 4092.600 Thread 0x00000127498a65f0 Thread exited: 0x00000127498a65f0
Event: 4189.980 Thread 0x000001274c96fdf0 Thread exited: 0x000001274c96fdf0
Event: 4197.449 Thread 0x00000127498a60e0 Thread exited: 0x00000127498a60e0


Dynamic libraries:
0x00007ff68c650000 - 0x00007ff68c65e000 	c:\Users\bllad\.vscode\extensions\redhat.java-1.37.0-win32-x64\jre\17.0.13-win32-x86_64\bin\java.exe
0x00007ffef3c40000 - 0x00007ffef3ea3000 	C:\WINDOWS\SYSTEM32\ntdll.dll
0x00007ffef1b30000 - 0x00007ffef1bf8000 	C:\WINDOWS\System32\KERNEL32.DLL
0x00007ffef1370000 - 0x00007ffef1722000 	C:\WINDOWS\System32\KERNELBASE.dll
0x00007ffef1170000 - 0x00007ffef12bb000 	C:\WINDOWS\System32\ucrtbase.dll
0x00007ffee19a0000 - 0x00007ffee19be000 	c:\Users\bllad\.vscode\extensions\redhat.java-1.37.0-win32-x64\jre\17.0.13-win32-x86_64\bin\VCRUNTIME140.dll
0x00007ffeda960000 - 0x00007ffeda977000 	c:\Users\bllad\.vscode\extensions\redhat.java-1.37.0-win32-x64\jre\17.0.13-win32-x86_64\bin\jli.dll
0x00007ffef3290000 - 0x00007ffef3458000 	C:\WINDOWS\System32\USER32.dll
0x00007ffef1010000 - 0x00007ffef1037000 	C:\WINDOWS\System32\win32u.dll
0x00007ffedc8c0000 - 0x00007ffedcb50000 	C:\WINDOWS\WinSxS\amd64_microsoft.windows.common-controls_6595b64144ccf1df_6.0.26100.2454_none_3e0b68a2e331ad60\COMCTL32.dll
0x00007ffef2830000 - 0x00007ffef285a000 	C:\WINDOWS\System32\GDI32.dll
0x00007ffef20a0000 - 0x00007ffef2149000 	C:\WINDOWS\System32\msvcrt.dll
0x00007ffef1040000 - 0x00007ffef116b000 	C:\WINDOWS\System32\gdi32full.dll
0x00007ffef12c0000 - 0x00007ffef1363000 	C:\WINDOWS\System32\msvcp_win.dll
0x00007ffef1c10000 - 0x00007ffef1c3f000 	C:\WINDOWS\System32\IMM32.DLL
0x00007ffee1730000 - 0x00007ffee173c000 	c:\Users\bllad\.vscode\extensions\redhat.java-1.37.0-win32-x64\jre\17.0.13-win32-x86_64\bin\vcruntime140_1.dll
0x00007ffed4850000 - 0x00007ffed48dd000 	c:\Users\bllad\.vscode\extensions\redhat.java-1.37.0-win32-x64\jre\17.0.13-win32-x86_64\bin\msvcp140.dll
0x00007ffe83840000 - 0x00007ffe844ab000 	c:\Users\bllad\.vscode\extensions\redhat.java-1.37.0-win32-x64\jre\17.0.13-win32-x86_64\bin\server\jvm.dll
0x00007ffef1e20000 - 0x00007ffef1ed4000 	C:\WINDOWS\System32\ADVAPI32.dll
0x00007ffef34d0000 - 0x00007ffef3576000 	C:\WINDOWS\System32\sechost.dll
0x00007ffef2570000 - 0x00007ffef2686000 	C:\WINDOWS\System32\RPCRT4.dll
0x00007ffef1ab0000 - 0x00007ffef1b24000 	C:\WINDOWS\System32\WS2_32.dll
0x00007ffee7910000 - 0x00007ffee7946000 	C:\WINDOWS\SYSTEM32\WINMM.dll
0x00007ffee9220000 - 0x00007ffee922b000 	C:\WINDOWS\SYSTEM32\VERSION.dll
0x00007ffef0ce0000 - 0x00007ffef0d2e000 	C:\WINDOWS\SYSTEM32\POWRPROF.dll
0x00007ffef0cc0000 - 0x00007ffef0cd4000 	C:\WINDOWS\SYSTEM32\UMPDC.dll
0x00007ffeefdb0000 - 0x00007ffeefdca000 	C:\WINDOWS\SYSTEM32\kernel.appcore.dll
0x00007ffedf920000 - 0x00007ffedf92a000 	c:\Users\bllad\.vscode\extensions\redhat.java-1.37.0-win32-x64\jre\17.0.13-win32-x86_64\bin\jimage.dll
0x00007ffeeea40000 - 0x00007ffeeec81000 	C:\WINDOWS\SYSTEM32\DBGHELP.DLL
0x00007ffef21e0000 - 0x00007ffef255e000 	C:\WINDOWS\System32\combase.dll
0x00007ffef1ee0000 - 0x00007ffef1fb6000 	C:\WINDOWS\System32\OLEAUT32.dll
0x00007ffecd580000 - 0x00007ffecd5b9000 	C:\WINDOWS\SYSTEM32\dbgcore.DLL
0x00007ffef18b0000 - 0x00007ffef1949000 	C:\WINDOWS\System32\bcryptPrimitives.dll
0x00007ffede020000 - 0x00007ffede02e000 	c:\Users\bllad\.vscode\extensions\redhat.java-1.37.0-win32-x64\jre\17.0.13-win32-x86_64\bin\instrument.dll
0x00007ffed91a0000 - 0x00007ffed91c5000 	c:\Users\bllad\.vscode\extensions\redhat.java-1.37.0-win32-x64\jre\17.0.13-win32-x86_64\bin\java.dll
0x00007ffeda1a0000 - 0x00007ffeda1b8000 	c:\Users\bllad\.vscode\extensions\redhat.java-1.37.0-win32-x64\jre\17.0.13-win32-x86_64\bin\zip.dll
0x00007ffef2860000 - 0x00007ffef2f60000 	C:\WINDOWS\System32\SHELL32.dll
0x00007ffeeed40000 - 0x00007ffeef571000 	C:\WINDOWS\SYSTEM32\windows.storage.dll
0x00007ffef1fc0000 - 0x00007ffef209a000 	C:\WINDOWS\System32\SHCORE.dll
0x00007ffef3580000 - 0x00007ffef35dd000 	C:\WINDOWS\System32\shlwapi.dll
0x00007ffef0f20000 - 0x00007ffef0f4e000 	C:\WINDOWS\SYSTEM32\profapi.dll
0x00007ffed9e50000 - 0x00007ffed9e69000 	C:\Users\bllad\.vscode\extensions\redhat.java-1.37.0-win32-x64\jre\17.0.13-win32-x86_64\bin\net.dll
0x00007ffeec090000 - 0x00007ffeec1b6000 	C:\WINDOWS\SYSTEM32\WINHTTP.dll
0x00007ffef0350000 - 0x00007ffef03b8000 	C:\WINDOWS\system32\mswsock.dll
0x00007ffed47c0000 - 0x00007ffed47d6000 	C:\Users\bllad\.vscode\extensions\redhat.java-1.37.0-win32-x64\jre\17.0.13-win32-x86_64\bin\nio.dll
0x00007ffedc3f0000 - 0x00007ffedc400000 	c:\Users\bllad\.vscode\extensions\redhat.java-1.37.0-win32-x64\jre\17.0.13-win32-x86_64\bin\verify.dll
0x00007ffecefd0000 - 0x00007ffecf015000 	C:\Users\bllad\AppData\Roaming\Code\User\globalStorage\redhat.java\1.37.0\config_win\org.eclipse.equinox.launcher\org.eclipse.equinox.launcher.win32.win32.x86_64_1.2.1100.v20240722-2106\eclipse_11904.dll
0x00007ffef2690000 - 0x00007ffef2829000 	C:\WINDOWS\System32\ole32.dll
0x00007ffef05f0000 - 0x00007ffef060c000 	C:\WINDOWS\SYSTEM32\CRYPTSP.dll
0x00007ffeefdd0000 - 0x00007ffeefe08000 	C:\WINDOWS\system32\rsaenh.dll
0x00007ffef03f0000 - 0x00007ffef041b000 	C:\WINDOWS\SYSTEM32\USERENV.dll
0x00007ffef0830000 - 0x00007ffef0856000 	C:\WINDOWS\SYSTEM32\bcrypt.dll
0x00007ffef0610000 - 0x00007ffef061c000 	C:\WINDOWS\SYSTEM32\CRYPTBASE.dll
0x00007ffeef940000 - 0x00007ffeef972000 	C:\WINDOWS\SYSTEM32\IPHLPAPI.DLL
0x00007ffef3bf0000 - 0x00007ffef3bfa000 	C:\WINDOWS\System32\NSI.dll
0x00007ffeecaa0000 - 0x00007ffeecabe000 	C:\WINDOWS\SYSTEM32\dhcpcsvc6.DLL
0x00007ffeeca00000 - 0x00007ffeeca25000 	C:\WINDOWS\SYSTEM32\dhcpcsvc.DLL
0x00007ffeef980000 - 0x00007ffeefaa5000 	C:\WINDOWS\SYSTEM32\DNSAPI.dll
0x00007ffecee80000 - 0x00007ffeceec9000 	C:\Users\bllad\AppData\Local\Temp\jna-93829381\jna475080158511751647.dll
0x00007ffef1aa0000 - 0x00007ffef1aa8000 	C:\WINDOWS\System32\PSAPI.DLL
0x00007ffedab90000 - 0x00007ffedab9e000 	C:\Users\bllad\.vscode\extensions\redhat.java-1.37.0-win32-x64\jre\17.0.13-win32-x86_64\bin\sunmscapi.dll
0x00007ffef1730000 - 0x00007ffef18a6000 	C:\WINDOWS\System32\CRYPT32.dll
0x00007ffef07f0000 - 0x00007ffef0820000 	C:\WINDOWS\SYSTEM32\ncrypt.dll
0x00007ffef07a0000 - 0x00007ffef07df000 	C:\WINDOWS\SYSTEM32\NTASN1.dll
0x00007ffeec5e0000 - 0x00007ffeec5eb000 	C:\Windows\System32\rasadhlp.dll
0x00007ffeecb60000 - 0x00007ffeecbe5000 	C:\WINDOWS\System32\fwpuclnt.dll
0x00007ffeda0f0000 - 0x00007ffeda0f9000 	C:\Users\bllad\.vscode\extensions\redhat.java-1.37.0-win32-x64\jre\17.0.13-win32-x86_64\bin\extnet.dll
0x00007ffedc3e0000 - 0x00007ffedc3e8000 	C:\WINDOWS\system32\wshunix.dll

dbghelp: loaded successfully - version: 4.0.5 - missing functions: none
symbol engine: initialized successfully - sym options: 0x614 - pdb path: .;c:\Users\bllad\.vscode\extensions\redhat.java-1.37.0-win32-x64\jre\17.0.13-win32-x86_64\bin;C:\WINDOWS\SYSTEM32;C:\WINDOWS\WinSxS\amd64_microsoft.windows.common-controls_6595b64144ccf1df_6.0.26100.2454_none_3e0b68a2e331ad60;c:\Users\bllad\.vscode\extensions\redhat.java-1.37.0-win32-x64\jre\17.0.13-win32-x86_64\bin\server;C:\Users\bllad\AppData\Roaming\Code\User\globalStorage\redhat.java\1.37.0\config_win\org.eclipse.equinox.launcher\org.eclipse.equinox.launcher.win32.win32.x86_64_1.2.1100.v20240722-2106;C:\Users\bllad\AppData\Local\Temp\jna-93829381

VM Arguments:
jvm_args: --add-modules=ALL-SYSTEM --add-opens=java.base/java.util=ALL-UNNAMED --add-opens=java.base/java.lang=ALL-UNNAMED --add-opens=java.base/sun.nio.fs=ALL-UNNAMED -Declipse.application=org.eclipse.jdt.ls.core.id1 -Dosgi.bundles.defaultStartLevel=4 -Declipse.product=org.eclipse.jdt.ls.core.product -Djava.import.generatesMetadataFilesAtProjectRoot=false -DDetectVMInstallationsJob.disabled=true -Dfile.encoding=utf8 -XX:+UseParallelGC -XX:GCTimeRatio=4 -XX:AdaptiveSizePolicyWeight=90 -Dsun.zip.disableMemoryMapping=true -Xmx1G -Xms100m -Xlog:disable -javaagent:c:\Users\bllad\.vscode\extensions\redhat.java-1.37.0-win32-x64\lombok\lombok-1.18.34.jar -XX:+HeapDumpOnOutOfMemoryError -XX:HeapDumpPath=c:\Users\bllad\AppData\Roaming\Code\User\workspaceStorage\96c6117d1d8448c66d3231c080e715a5\redhat.java -Daether.dependencyCollector.impl=bf 
java_command: c:\Users\bllad\.vscode\extensions\redhat.java-1.37.0-win32-x64\server\plugins\org.eclipse.equinox.launcher_1.6.900.v20240613-2009.jar -configuration c:\Users\bllad\AppData\Roaming\Code\User\globalStorage\redhat.java\1.37.0\config_win -data c:\Users\bllad\AppData\Roaming\Code\User\workspaceStorage\96c6117d1d8448c66d3231c080e715a5\redhat.java\jdt_ws --pipe=\\.\pipe\lsp-86ee713b46ad2e4fd31e6385d7bee785-sock
java_class_path (initial): c:\Users\bllad\.vscode\extensions\redhat.java-1.37.0-win32-x64\server\plugins\org.eclipse.equinox.launcher_1.6.900.v20240613-2009.jar
Launcher Type: SUN_STANDARD

[Global flags]
    uintx AdaptiveSizePolicyWeight                 = 90                                        {product} {command line}
     intx CICompilerCount                          = 12                                        {product} {ergonomic}
    uintx GCTimeRatio                              = 4                                         {product} {command line}
     bool HeapDumpOnOutOfMemoryError               = true                                   {manageable} {command line}
    ccstr HeapDumpPath                             = c:\Users\bllad\AppData\Roaming\Code\User\workspaceStorage\96c6117d1d8448c66d3231c080e715a5\redhat.java         {manageable} {command line}
   size_t InitialHeapSize                          = 104857600                                 {product} {command line}
   size_t MaxHeapSize                              = 1073741824                                {product} {command line}
   size_t MaxNewSize                               = 357564416                                 {product} {ergonomic}
   size_t MinHeapDeltaBytes                        = 524288                                    {product} {ergonomic}
   size_t MinHeapSize                              = 104857600                                 {product} {command line}
   size_t NewSize                                  = 34603008                                  {product} {ergonomic}
    uintx NonNMethodCodeHeapSize                   = 7602480                                {pd product} {ergonomic}
    uintx NonProfiledCodeHeapSize                  = 122027880                              {pd product} {ergonomic}
   size_t OldSize                                  = 70254592                                  {product} {ergonomic}
    uintx ProfiledCodeHeapSize                     = 122027880                              {pd product} {ergonomic}
    uintx ReservedCodeCacheSize                    = 251658240                              {pd product} {ergonomic}
     bool SegmentedCodeCache                       = true                                      {product} {ergonomic}
   size_t SoftMaxHeapSize                          = 1073741824                             {manageable} {ergonomic}
     bool UseCompressedClassPointers               = true                           {product lp64_product} {ergonomic}
     bool UseCompressedOops                        = true                           {product lp64_product} {ergonomic}
     bool UseLargePagesIndividualAllocation        = false                                  {pd product} {ergonomic}
     bool UseParallelGC                            = true                                      {product} {command line}

Logging:
Log output configuration:
 #0: stdout all=off uptime,level,tags
 #1: stderr all=off uptime,level,tags

Environment Variables:
PATH=C:\URV\bmde\msys\bin;C:\URV\bmde\devkitPro\devkitARM\bin;C:\URV\bmde\devkitPro\insight\bin;C:\Program Files\Java\jdk-22\bin;C:\Program Files\Common Files\Oracle\Java\javapath;C:\Program Files (x86)\Common Files\Oracle\Java\java8path;C:\Program Files (x86)\Common Files\Oracle\Java\javapath;C:\Python27;C:\Python27\Tools\Scripts;C:\Windows\system32;C:\Windows;C:\Windows\System32\Wbem;C:\Windows\System32\WindowsPowerShell\v1.0\;C:\Windows\System32\OpenSSH\;C:\Program Files\NVIDIA Corporation\NVIDIA NvDLISR;C:\Program Files (x86)\NVIDIA Corporation\PhysX\Common;C:\Program Files\dotnet\;C:\WINDOWS\system32;C:\WINDOWS;C:\WINDOWS\System32\Wbem;C:\WINDOWS\System32\WindowsPowerShell\v1.0\;C:\WINDOWS\System32\OpenSSH\;C:\Program Files\Git\cmd;C:\Users\bllad\AppData\Local\Microsoft\WindowsApps;C:\Users\bllad\AppData\Local\Programs\Microsoft VS Code\bin;C:\Users\bllad\.dotnet\tools;C:\MinGW\bin;C:\Users\bllad\AppData\Local\GitHubDesktop\bin;
USERNAME=bllad
OS=Windows_NT
PROCESSOR_IDENTIFIER=AMD64 Family 23 Model 96 Stepping 1, AuthenticAMD
TMP=C:\Users\bllad\AppData\Local\Temp
TEMP=C:\Users\bllad\AppData\Local\Temp



Periodic native trim disabled


---------------  S Y S T E M  ---------------

OS:
 Windows 11 , 64 bit Build 26100 (10.0.26100.2454)
OS uptime: 0 days 15:53 hours

CPU: total 16 (initial active 16) (16 cores per cpu, 2 threads per core) family 23 model 96 stepping 1 microcode 0x8600106, cx8, cmov, fxsr, ht, mmx, 3dnowpref, sse, sse2, sse3, ssse3, sse4a, sse4.1, sse4.2, popcnt, lzcnt, tsc, tscinvbit, avx, avx2, aes, clmul, bmi1, bmi2, adx, sha, fma, vzeroupper, clflush, clflushopt
Processor Information for all 16 processors :
  Max Mhz: 2901, Current Mhz: 2901, Mhz Limit: 2901

Memory: 4k page, system-wide physical 15791M (8248M free)
TotalPageFile size 16815M (AvailPageFile size 7309M)
current process WorkingSet (physical memory assigned to process): 750M, peak: 1102M
current process commit charge ("private bytes"): 619M, peak: 964M

vm_info: OpenJDK 64-Bit Server VM (17.0.13+11) for windows-amd64 JRE (17.0.13+11), built on Oct 16 2024 00:10:08 by "admin" with MS VC++ 17.7 (VS2022)

END.
